Log file open, 06/20/17 10:51:09
LogInit:Display: Running engine for game: pinball_jesus
LogPlatformFile: Not using cached read wrapper
LogInit:Display: RandInit(-1844523543) SRandInit(-1844523543).
LogTaskGraph: Started task graph with 5 named threads and 8 total threads with 1 sets of task threads.
LogStats: Stats thread started at 3.334698
LogInit: Using libcurl 7.47.1
LogInit:  - built for x86_64-pc-win32
LogInit:  - supports SSL with OpenSSL/1.0.2g
LogInit:  - supports HTTP deflate (compression) using libz 1.2.8
LogInit:  - other features:
LogInit:      CURL_VERSION_SSL
LogInit:      CURL_VERSION_LIBZ
LogInit:      CURL_VERSION_IPV6
LogInit:      CURL_VERSION_ASYNCHDNS
LogInit:      CURL_VERSION_LARGEFILE
LogInit:      CURL_VERSION_IDN
LogInit:  CurlRequestOptions (configurable via config and command line):
LogInit:  - bVerifyPeer = false  - Libcurl will NOT verify peer certificate
LogInit:  - bUseHttpProxy = false  - Libcurl will NOT use HTTP proxy
LogInit:  - bDontReuseConnections = false  - Libcurl will reuse connections
LogInit:  - CertBundlePath = nullptr  - Libcurl will use whatever was configured at build time.
LogInit: Build: ++UE4+Release-4.16-CL-3466753
LogInit: Engine Version: 4.16.1-3466753+++UE4+Release-4.16
LogInit: Compatible Engine Version: 4.16.0-3452394+++UE4+Release-4.16
LogInit: Net CL: 3452394
LogDevObjectVersion: Number of dev versions registered: 16
LogDevObjectVersion:   Dev-Blueprints (B0D832E4-1F89-4F0D-ACCF-7EB736FD4AA2): 9
LogDevObjectVersion:   Dev-Build (E1C64328-A22C-4D53-A36C-8E866417BD8C): 0
LogDevObjectVersion:   Dev-Core (375EC13C-06E4-48FB-B500-84F0262A717E): 2
LogDevObjectVersion:   Dev-Editor (E4B068ED-F494-42E9-A231-DA0B2E46BB41): 17
LogDevObjectVersion:   Dev-Framework (CFFC743F-43B0-4480-9391-14DF171D2073): 23
LogDevObjectVersion:   Dev-Mobile (B02B49B5-BB20-44E9-A304-32B752E40360): 0
LogDevObjectVersion:   Dev-Networking (A4E4105C-59A1-49B5-A7C5-40C4547EDFEE): 0
LogDevObjectVersion:   Dev-Online (39C831C9-5AE6-47DC-9A44-9C173E1C8E7C): 0
LogDevObjectVersion:   Dev-Physics (78F01B33-EBEA-4F98-B9B4-84EACCB95AA2): 0
LogDevObjectVersion:   Dev-Platform (6631380F-2D4D-43E0-8009-CF276956A95A): 0
LogDevObjectVersion:   Dev-Rendering (12F88B9F-8875-4AFC-A67C-D90C383ABD29): 15
LogDevObjectVersion:   Dev-Sequencer (7B5AE74C-D270-4C10-A958-57980B212A5A): 4
LogDevObjectVersion:   Dev-VR (D7296918-1DD6-4BDD-9DE2-64A83CC13884): 0
LogDevObjectVersion:   Dev-LoadTimes (C2A15278-BFE7-4AFE-6C17-90FF531DF755): 1
LogDevObjectVersion:   Private-Geometry (6EACA3D4-40EC-4CC1-B786-8BED09428FC5): 1
LogDevObjectVersion:   Dev-AnimPhys (29E575DD-E0A3-4627-9D10-D276232CDCEA): 3
LogInit: Compiled (64-bit): May 31 2017 02:03:30
LogInit: Compiled with Visual C++: 19.00.24215.01
LogInit: Build Configuration: Development
LogInit: Branch Name: ++UE4+Release-4.16
LogInit: Command line:  
LogInit: Base directory: C:/Program Files/Epic Games/UE_4.16/Engine/Binaries/Win64/
LogInit: Installed Engine Build: 1
LogInit: Presizing for max 8388607 objects, including 0 objects not considered by GC, pre-allocating 0 bytes for permanent pool.
LogInit: Object subsystem initialized
[2017.06.20-13.51.11:057][  0]LogInit: Selected Device Profile: [Windows]
[2017.06.20-13.51.11:057][  0]LogInit: Applying CVar settings loaded from the selected device profile: [Windows]
[2017.06.20-13.51.11:642][  0]LogInit: Computer: MRPOPO-HP
[2017.06.20-13.51.11:642][  0]LogInit: User: jesus
[2017.06.20-13.51.11:642][  0]LogInit: CPU Page size=4096, Cores=4
[2017.06.20-13.51.11:642][  0]LogInit: High frequency timer resolution =3.312656 MHz
[2017.06.20-13.51.11:653][  0]LogMemory: Memory total: Physical=7.9GB (8GB approx)
[2017.06.20-13.51.11:653][  0]LogMemory: Platform Memory Stats for Windows
[2017.06.20-13.51.11:653][  0]LogMemory: Process Physical Memory: 274.00 MB used, 274.00 MB peak
[2017.06.20-13.51.11:653][  0]LogMemory: Process Virtual Memory: 261.06 MB used, 261.06 MB peak
[2017.06.20-13.51.11:653][  0]LogMemory: Physical Memory: 5262.55 MB used,  2840.98 MB free, 8103.53 MB total
[2017.06.20-13.51.11:653][  0]LogMemory: Virtual Memory: 638.66 MB used,  2840.98 MB free, 134217728.00 MB total
[2017.06.20-13.51.12:709][  0]LogInit: Overriding language with editor language configuration option (en).
[2017.06.20-13.51.12:709][  0]LogInit: Overriding locale with editor locale configuration option (en).
[2017.06.20-13.51.19:013][  0]LogD3D11RHI: D3D11 adapters:
[2017.06.20-13.51.19:025][  0]LogD3D11RHI:    0. 'Intel(R) HD Graphics 4600' (Feature Level 11_0)
[2017.06.20-13.51.19:025][  0]LogD3D11RHI:       112/0/2048 MB DedicatedVideo/DedicatedSystem/SharedSystem, Outputs:2, VendorId:0x8086
[2017.06.20-13.51.19:027][  0]LogD3D11RHI:    1. 'Microsoft Basic Render Driver' (Feature Level 11_0)
[2017.06.20-13.51.19:027][  0]LogD3D11RHI:       0/0/4051 MB DedicatedVideo/DedicatedSystem/SharedSystem, Outputs:0, VendorId:0x1414
[2017.06.20-13.51.19:027][  0]LogD3D11RHI: Chosen D3D11 Adapter: 0
[2017.06.20-13.51.19:033][  0]LogD3D11RHI: Creating new Direct3DDevice
[2017.06.20-13.51.19:033][  0]LogD3D11RHI:     GPU DeviceId: 0x412 (for the marketing name, search the web for "GPU Device Id")
[2017.06.20-13.51.19:033][  0]LogWindows: EnumDisplayDevices:
[2017.06.20-13.51.19:033][  0]LogWindows:    0. 'Intel(R) HD Graphics 4600' (P:1 D:1)
[2017.06.20-13.51.19:033][  0]LogWindows:    1. 'Intel(R) HD Graphics 4600' (P:0 D:1)
[2017.06.20-13.51.19:033][  0]LogWindows:    2. 'Intel(R) HD Graphics 4600' (P:0 D:0)
[2017.06.20-13.51.19:033][  0]LogWindows: DebugString: FoundDriverCount:3 
[2017.06.20-13.51.19:033][  0]LogD3D11RHI:     Adapter Name: Intel(R) HD Graphics 4600
[2017.06.20-13.51.19:033][  0]LogD3D11RHI:   Driver Version: 20.19.15.4568 (internal:20.19.15.4568, unified:20.19.15.4568)
[2017.06.20-13.51.19:033][  0]LogD3D11RHI:      Driver Date: 12-16-2016
[2017.06.20-13.51.19:033][  0]LogRHI: Texture pool is 795 MB (70% of 1136 MB)
[2017.06.20-13.51.19:041][  0]LogD3D11RHI: Async texture creation enabled
[2017.06.20-13.51.19:197][  0]LogD3D11RHI: GPU Timing Frequency: 12.500000 (Debug: 2 0)
[2017.06.20-13.51.19:275][  0]LogShaderCompilers: Guid format shader working directory is -23 characters bigger than the processId version (../../../../../../Users/jesus/Documents/Unreal Projects/pinball_jesus/Intermediate/Shaders/WorkingDirectory/9172/).
[2017.06.20-13.51.19:275][  0]LogShaderCompilers: Cleaned the shader compiler working directory 'C:/Users/jesus/AppData/Local/Temp/UnrealShaderWorkingDir/2F873BC946A9D8AABB2AFB99D68E3E3E/'.
[2017.06.20-13.51.19:275][  0]LogShaderCompilers:Display: Using Local Shader Compiler.
[2017.06.20-13.51.25:724][  0]LogTemp:Display: Loaded TP AllDesktopTargetPlatform
[2017.06.20-13.51.25:783][  0]LogTemp:Display: Loaded TP MacClientTargetPlatform
[2017.06.20-13.51.25:842][  0]LogTemp:Display: Loaded TP MacNoEditorTargetPlatform
[2017.06.20-13.51.25:904][  0]LogTemp:Display: Loaded TP MacServerTargetPlatform
[2017.06.20-13.51.26:005][  0]LogTemp:Display: Loaded TP MacTargetPlatform
[2017.06.20-13.51.26:075][  0]LogTemp:Display: Loaded TP WindowsClientTargetPlatform
[2017.06.20-13.51.26:147][  0]LogTemp:Display: Loaded TP WindowsNoEditorTargetPlatform
[2017.06.20-13.51.26:233][  0]LogTemp:Display: Loaded TP WindowsServerTargetPlatform
[2017.06.20-13.51.26:312][  0]LogTemp:Display: Loaded TP WindowsTargetPlatform
[2017.06.20-13.51.26:395][  0]LogTemp:Display: Loaded TP AndroidTargetPlatform
[2017.06.20-13.51.26:468][  0]LogTemp:Display: Loaded TP Android_ASTCTargetPlatform
[2017.06.20-13.51.26:527][  0]LogTemp:Display: Loaded TP Android_ATCTargetPlatform
[2017.06.20-13.51.26:633][  0]LogTemp:Display: Loaded TP Android_DXTTargetPlatform
[2017.06.20-13.51.26:692][  0]LogTemp:Display: Loaded TP Android_ETC1TargetPlatform
[2017.06.20-13.51.26:755][  0]LogTemp:Display: Loaded TP Android_ETC2TargetPlatform
[2017.06.20-13.51.26:905][  0]LogTemp:Display: Loaded TP Android_MultiTargetPlatform
[2017.06.20-13.51.26:905][  0]LogTemp:Display: Loaded TP Android_PVRTCTargetPlatform
[2017.06.20-13.51.26:959][  0]LogTemp:Display: Loaded TP HTML5TargetPlatform
[2017.06.20-13.51.27:100][  0]LogTemp:Display: Loaded TP IOSTargetPlatform
[2017.06.20-13.51.27:137][  0]LogTemp:Display: Loaded TP TVOSTargetPlatform
[2017.06.20-13.51.27:211][  0]LogTemp:Display: Loaded TP LinuxClientTargetPlatform
[2017.06.20-13.51.27:274][  0]LogTemp:Display: Loaded TP LinuxNoEditorTargetPlatform
[2017.06.20-13.51.27:338][  0]LogTemp:Display: Loaded TP LinuxServerTargetPlatform
[2017.06.20-13.51.27:419][  0]LogTemp:Display: Loaded TP LinuxTargetPlatform
[2017.06.20-13.51.27:419][  0]LogTargetPlatformManager:Display: Building Assets For Windows
[2017.06.20-13.51.28:574][  0]LogDerivedDataCache:Display: Max Cache Size: 512 MB
[2017.06.20-13.51.29:278][  0]LogDerivedDataCache: Loaded boot cache 0.70s 90MB C:/Users/jesus/AppData/Local/UnrealEngine/4.16/DerivedDataCache/Boot.ddc.
[2017.06.20-13.51.29:278][  0]LogDerivedDataCache:Display: Loaded Boot cache: C:/Users/jesus/AppData/Local/UnrealEngine/4.16/DerivedDataCache/Boot.ddc
[2017.06.20-13.51.29:278][  0]LogDerivedDataCache: FDerivedDataBackendGraph:  Pak pak cache file ../../../../../../Users/jesus/Documents/Unreal Projects/pinball_jesus/DerivedDataCache/DDC.ddp not found, will not use a pak cache.
[2017.06.20-13.51.29:278][  0]LogDerivedDataCache: Unable to find inner node Pak for hierarchical cache Hierarchy.
[2017.06.20-13.51.29:278][  0]LogDerivedDataCache: FDerivedDataBackendGraph:  CompressedPak pak cache file ../../../../../../Users/jesus/Documents/Unreal Projects/pinball_jesus/DerivedDataCache/Compressed.ddp not found, will not use a pak cache.
[2017.06.20-13.51.29:278][  0]LogDerivedDataCache: Unable to find inner node CompressedPak for hierarchical cache Hierarchy.
[2017.06.20-13.51.29:359][  0]LogDerivedDataCache:Display: Pak cache opened for reading ../../../Engine/DerivedDataCache/Compressed.ddp.
[2017.06.20-13.51.29:383][  0]LogDerivedDataCache: Using Local data cache path C:/Users/jesus/AppData/Local/UnrealEngine/Common/DerivedDataCache: Writable
[2017.06.20-13.51.29:471][  0]LogMaterial: Verifying Global Shaders for PCD3D_SM5
[2017.06.20-13.51.29:527][  0]LogSlate: Using Freetype 2.6.0
[2017.06.20-13.51.29:606][  0]LogSlate: SlateFontCache - WITH_FREETYPE: 1, WITH_HARFBUZZ: 1
[2017.06.20-13.51.29:606][  0]LogSlate: SlateFontCache - WITH_FREETYPE: 1, WITH_HARFBUZZ: 1
[2017.06.20-13.51.37:195][  0]LogInit: Selected Device Profile: [Windows]
[2017.06.20-13.51.38:169][  0]LogContentStreaming: Texture pool size is 0.00 MB
[2017.06.20-13.51.38:834][  0]LogMeshUtilities: Using QuadricMeshReduction for automatic static mesh reduction
[2017.06.20-13.51.38:986][  0]LogSimplygon: Simplygon DLL not present - disabling.
[2017.06.20-13.51.39:086][  0]LogMeshUtilities: Using SimplygonSwarm for distributed automatic mesh merging
[2017.06.20-13.51.39:086][  0]LogMeshUtilities: No automatic skeletal mesh reduction module available
[2017.06.20-13.51.39:086][  0]LogMeshUtilities: No automatic mesh merging module available
[2017.06.20-13.51.44:576][  0]LogNetVersion: pinball_jesus , NetCL: 3452394, EngineNetVer: 2, GameNetVer: 0 (Checksum: 2802783314)
[2017.06.20-13.51.44:895][  0]LogAssetRegistry: FAssetRegistry took 0.0398 seconds to start up
[2017.06.20-13.51.45:155][  0]LogPackageLocalizationCache: Processed 4 localized package path(s) for 1 prioritized culture(s) in 0.128181 seconds
[2017.06.20-13.51.45:488][  0]LogUObjectArray: 34194 objects as part of root set at end of initial load.
[2017.06.20-13.51.45:488][  0]LogUObjectAllocator: 7260416 out of 0 bytes used by permanent object pool.
[2017.06.20-13.51.45:488][  0]LogUObjectArray: CloseDisregardForGC: 0/0 objects in disregard for GC pool
[2017.06.20-13.51.45:590][  0]LogInit: WinSock: version 1.1 (2.2), MaxSocks=32767, MaxUdp=65467
[2017.06.20-13.52.13:532][  0]LogTcpMessaging: Initializing TcpMessaging bridge
[2017.06.20-13.52.13:607][  0]LogUdpMessaging: Initializing bridge on interface 0.0.0.0:0 to multicast group 230.0.0.1:6666.
[2017.06.20-13.52.15:186][  0]LogMaterial: Uniform references updated for custom material expression Custom.
[2017.06.20-13.52.16:352][  0]SourceControl: Info Source control is disabled
[2017.06.20-13.52.16:621][  0]SourceControl: Info Source control is disabled
[2017.06.20-13.52.16:922][  0]SourceControl: Info Source control is disabled
[2017.06.20-13.52.17:013][  0]SourceControl: Info Source control is disabled
[2017.06.20-13.52.18:509][  0]LogAndroidPermission: UAndroidPermissionCallbackProxy::GetInstance
[2017.06.20-13.52.20:054][  0]LogEngine: Initializing Engine...
[2017.06.20-13.52.20:107][  0]LogHMD: Failed to initialize OpenVR with code 110
[2017.06.20-13.52.21:038][  0]LogStats: UGameplayTagsManager::ConstructGameplayTagTree: Construct from data asset -  0.000 s
[2017.06.20-13.52.21:070][  0]LogStats: UGameplayTagsManager::ConstructGameplayTagTree: GameplayTagTreeChangedEvent.Broadcast -  0.031 s
[2017.06.20-13.52.21:609][  0]LogAIModule: Creating AISystem for world Untitled
[2017.06.20-13.52.21:744][  0]LogInit: XAudio2 using 'Speakers (Realtek High Definition Audio)' : 2 channels at 48 kHz using 32 bits per sample (channel mask 0x3)
[2017.06.20-13.52.21:803][  0]LogInit: FAudioDevice initialized.
[2017.06.20-13.52.21:858][  0]LogDerivedDataCache: Saved boot cache 0.05s 90MB C:/Users/jesus/AppData/Local/UnrealEngine/4.16/DerivedDataCache/Boot.ddc.
[2017.06.20-13.52.21:874][  0]LogInit: Texture streaming: Enabled
[2017.06.20-13.52.22:102][  0]LogEngineSessionManager: EngineSessionManager initialized
[2017.06.20-13.52.22:713][  0]LogInit: Transaction tracking system initialized
[2017.06.20-13.52.24:051][  0]BlueprintLog: New page: Editor Load
[2017.06.20-13.52.26:349][  0]LocalizationService: Info Localization service is disabled
[2017.06.20-13.52.28:075][  0]LogConsoleResponse:Display: 
[2017.06.20-13.52.30:745][  0]LogFileCache: Scanning file cache for directory 'C:/Users/jesus/Documents/Unreal Projects/pinball_jesus/Content/' took 0.07s
[2017.06.20-13.52.30:745][  0]LogCook:Display: Max memory allowance for cook 16384mb min free memory 0mb
[2017.06.20-13.52.30:746][  0]LogCook:Display: Mobile HDR setting 1
[2017.06.20-13.52.35:130][  0]SourceControl: Info Source control is disabled
[2017.06.20-13.52.35:165][  0]Cmd: MAP LOAD FILE="../../../../../../Users/jesus/Documents/Unreal Projects/pinball_jesus/Content/tonovideo3.umap" TEMPLATE=0 SHOWPROGRESS=1 FEATURELEVEL=3
[2017.06.20-13.52.35:172][  0]LightingResults: New page: Lighting Build
[2017.06.20-13.52.35:402][  0]MapCheck: New page: Map Check
[2017.06.20-13.52.35:402][  0]LightingResults: New page: Lighting Build
[2017.06.20-13.52.39:228][  0]LogAIModule: Creating AISystem for world tonovideo3
[2017.06.20-13.52.39:692][  0]LogEditorServer: Finished looking for orphan Actors (0.000 secs)
[2017.06.20-13.52.39:817][  0]Cmd: MAP CHECKDEP NOCLEARLOG
[2017.06.20-13.52.39:877][  0]MapCheck: Info Map check complete: 0 Error(s), 0 Warning(s), took 55.434ms to complete.
[2017.06.20-13.52.39:880][  0]LogFileHelpers: Loading map 'tonovideo3' took 4.718
[2017.06.20-13.52.41:175][  0]LogCollectionManager: Loaded 0 collections in 0.002157 seconds
[2017.06.20-13.52.41:366][  0]LogFileCache: Scanning file cache for directory 'C:/Users/jesus/Documents/Unreal Projects/pinball_jesus/Saved/Collections/' took 0.01s
[2017.06.20-13.52.41:366][  0]LogFileCache: Scanning file cache for directory 'C:/Users/jesus/Documents/Unreal Projects/pinball_jesus/Content/Developers/jesus/Collections/' took 0.01s
[2017.06.20-13.52.41:366][  0]LogFileCache: Scanning file cache for directory 'C:/Users/jesus/Documents/Unreal Projects/pinball_jesus/Content/Collections/' took 0.01s
[2017.06.20-13.52.41:366][  0]LogCollectionManager: Rebuilt the GUID cache for 0 collections in 0.000002 seconds
[2017.06.20-13.52.41:390][  0]LogContentBrowser: Native class hierarchy populated in 0.0116 seconds. Added 2329 classes and 491 folders.
[2017.06.20-13.52.41:531][  0]LogContentBrowser: Native class hierarchy updated for 'WidgetCarousel' in 0.0008 seconds. Added 0 classes and 0 folders.
[2017.06.20-13.52.43:535][  0]LogContentBrowser: Native class hierarchy updated for 'AddContentDialog' in 0.0011 seconds. Added 0 classes and 0 folders.
[2017.06.20-13.52.43:625][  0]LogContentBrowser: Native class hierarchy updated for 'SceneOutliner' in 0.0005 seconds. Added 1 classes and 2 folders.
[2017.06.20-13.52.44:134][  0]LogCrashTracker: Crashtracker disabled due to settings.
[2017.06.20-13.52.44:320][  0]LogSlate: Took 0.014699 seconds to synchronously load lazily loaded font '../../../Engine/Content/Slate/Fonts/Roboto-Regular.ttf' (155K)
[2017.06.20-13.52.44:343][  0]LogSlate: Took 0.019374 seconds to synchronously load lazily loaded font '../../../Engine/Content/Slate/Fonts/Roboto-Bold.ttf' (160K)
[2017.06.20-13.52.44:375][  0]LogSlate: Took 0.017532 seconds to synchronously load lazily loaded font '../../../Engine/Content/Editor/Slate/Fonts/FontAwesome.ttf' (139K)
[2017.06.20-13.52.44:832][  0]LogRenderer: Reallocating scene render targets to support 1208x576 NumSamples 1 (Frame:1).
[2017.06.20-13.52.45:370][  0]LogSlate: Took 0.011954 seconds to synchronously load lazily loaded font '../../../Engine/Content/Slate/Fonts/Roboto-Light.ttf' (159K)
[2017.06.20-13.52.45:660][  0]LogUObjectGlobals:Warning: Failed to find object 'Class None.'
[2017.06.20-13.52.45:794][  0]LogContentBrowser: Native class hierarchy updated for 'HierarchicalLODOutliner' in 0.0006 seconds. Added 1 classes and 2 folders.
[2017.06.20-13.52.45:795][  0]LogLoad: (Engine Initialization) Total time: 107.77 seconds
[2017.06.20-13.52.45:795][  0]LogLoad: (Engine Initialization) Total Blueprint compile time: 0.72 seconds
[2017.06.20-13.52.45:795][  0]LogExternalProfiler: Found external profiler: VSPerf
[2017.06.20-13.52.45:795][  0]LogExternalProfiler: Using external profiler: VSPerf
[2017.06.20-13.52.46:187][  0]LogOcInput: OculusInput pre-init called
[2017.06.20-13.52.46:194][  0]LogHMD: Starting GearVRController plugin
[2017.06.20-13.52.46:287][  0]LogContentStreaming: Texture pool size now 600 MB
[2017.06.20-13.52.47:221][  3]LogAssetRegistry: Asset discovery search completed in 62.3484 seconds
[2017.06.20-13.52.47:288][  3]LogCollectionManager: Rebuilt the object cache for 0 collections in 0.000001 seconds (found 0 objects)
[2017.06.20-13.52.47:289][  3]LogCollectionManager: Fixed up redirectors for 0 collections in 0.000050 seconds (updated 0 objects)
[2017.06.20-13.52.47:301][  3]LogSlate: Took 0.000309 seconds to synchronously load lazily loaded font '../../../Engine/Content/Slate/Fonts/Roboto-Light.ttf' (159K)
[2017.06.20-14.03.55:587][525]LogEditorViewport: Clicking on Actor (LMB): BP_Sky_Sphere_C (bo)
[2017.06.20-14.04.14:555][ 43]LogSlate: Took 0.020000 seconds to synchronously load lazily loaded font '../../../Engine/Content/Editor/Slate/Fonts/Roboto-Italic.ttf' (157K)
[2017.06.20-14.20.51:967][348]LogTemp: Repeting last play command: Selected Viewport
[2017.06.20-14.20.52:221][348]LogPlayLevel: PlayLevel: No blueprints needed recompiling
[2017.06.20-14.20.52:222][348]PIE: New page: PIE session: tonovideo3 (Jun 20, 2017, 8:20:52 AM)
[2017.06.20-14.20.52:223][348]LogPlayLevel: Creating play world package: /Game/UEDPIE_0_tonovideo3
[2017.06.20-14.20.52:305][348]LogPlayLevel: PIE: StaticDuplicateObject took: (0.081255s)
[2017.06.20-14.20.52:306][348]LogAIModule: Creating AISystem for world tonovideo3
[2017.06.20-14.20.52:307][348]LogPlayLevel: PIE: World Init took: (0.002285s)
[2017.06.20-14.20.52:309][348]LogPlayLevel: PIE: Created PIE world by copying editor world from /Game/tonovideo3.tonovideo3 to /Game/UEDPIE_0_tonovideo3.tonovideo3 (0.086219s)
[2017.06.20-14.20.52:352][348]LogInit: XAudio2 using 'Speakers (Realtek High Definition Audio)' : 2 channels at 48 kHz using 32 bits per sample (channel mask 0x3)
[2017.06.20-14.20.52:364][348]LogInit: FAudioDevice initialized.
[2017.06.20-14.20.52:409][348]LogLoad: Game class is 'PinBallgamemode_C'
[2017.06.20-14.20.52:414][348]LogWorld: Bringing World /Game/UEDPIE_0_tonovideo3.tonovideo3 up for play (max tick rate 0) at 2017.06.20-11.20.52
[2017.06.20-14.20.52:415][348]LogWorld: Bringing up level for play took: 0.002689
[2017.06.20-14.20.52:463][348]LogContentBrowser: Native class hierarchy updated for 'MovieSceneCapture' in 0.0012 seconds. Added 11 classes and 0 folders.
[2017.06.20-14.20.52:465][348]PIE: Info Play in editor start time for /Game/UEDPIE_0_tonovideo3 -0.041
[2017.06.20-14.20.58:903][617]LogBlueprintUserMessages: [Bp_Bumper6_860] 10.0
[2017.06.20-14.21.01:896][741]LogBlueprintUserMessages: [Bp_Bumper3_431] 20.0
[2017.06.20-14.21.02:047][747]LogBlueprintUserMessages: [Bp_Bumper2_269] 30.0
[2017.06.20-14.21.07:579][ 40]LogTemp: Repeting last play command: Selected Viewport
[2017.06.20-14.21.07:604][ 40]LogPlayLevel: PlayLevel: No blueprints needed recompiling
[2017.06.20-14.21.07:604][ 40]PIE: New page: PIE session: tonovideo3 (Jun 20, 2017, 8:21:07 AM)
[2017.06.20-14.21.07:604][ 40]LogPlayLevel: Creating play world package: /Game/UEDPIE_0_tonovideo3
[2017.06.20-14.21.07:609][ 40]LogPlayLevel: PIE: StaticDuplicateObject took: (0.004862s)
[2017.06.20-14.21.07:610][ 40]LogAIModule: Creating AISystem for world tonovideo3
[2017.06.20-14.21.07:610][ 40]LogPlayLevel: PIE: World Init took: (0.000590s)
[2017.06.20-14.21.07:610][ 40]LogPlayLevel: PIE: Created PIE world by copying editor world from /Game/tonovideo3.tonovideo3 to /Game/UEDPIE_0_tonovideo3.tonovideo3 (0.005669s)
[2017.06.20-14.21.07:624][ 40]LogInit: XAudio2 using 'Speakers (Realtek High Definition Audio)' : 2 channels at 48 kHz using 32 bits per sample (channel mask 0x3)
[2017.06.20-14.21.07:639][ 40]LogInit: FAudioDevice initialized.
[2017.06.20-14.21.07:676][ 40]LogLoad: Game class is 'PinBallgamemode_C'
[2017.06.20-14.21.07:679][ 40]LogWorld: Bringing World /Game/UEDPIE_0_tonovideo3.tonovideo3 up for play (max tick rate 0) at 2017.06.20-11.21.07
[2017.06.20-14.21.07:679][ 40]LogWorld: Bringing up level for play took: 0.001982
[2017.06.20-14.21.07:681][ 40]PIE: Info Play in editor start time for /Game/UEDPIE_0_tonovideo3 -0.825
[2017.06.20-14.21.18:987][518]LogBlueprintUserMessages: [Bp_Bumper7_476] 10.0
[2017.06.20-14.21.21:863][639]LogBlueprintUserMessages: [Bp_Bumper7_476] 20.0
[2017.06.20-14.21.25:875][807]LogBlueprintUserMessages: [Bp_Bumper2_269] 30.0
[2017.06.20-14.21.28:857][930]LogBlueprintUserMessages: [Bp_Bumper5_674] 40.0
[2017.06.20-14.21.30:558][999]LogBlueprintUserMessages: [Bp_Bumper2_269] 50.0
[2017.06.20-14.21.30:755][  7]LogBlueprintUserMessages: [Bp_Bumper6_860] 60.0
[2017.06.20-14.21.42:496][661]LogSlate: Took 0.021814 seconds to synchronously load lazily loaded font '../../../Engine/Content/Slate/Fonts/Roboto-Light.ttf' (159K)
[2017.06.20-14.21.42:972][661]LogSlate: Took 0.000165 seconds to synchronously load lazily loaded font '../../../Engine/Content/Slate/Fonts/Roboto-Regular.ttf' (155K)
[2017.06.20-14.21.43:084][661]LogContentBrowser: Native class hierarchy updated for 'BlueprintGraph' in 0.0013 seconds. Added 112 classes and 0 folders.
[2017.06.20-14.21.44:101][661]LogSlate: Took 0.016776 seconds to synchronously load lazily loaded font '../../../Engine/Content/Editor/Slate/Fonts/Roboto-BoldCondensed.ttf' (158K)
[2017.06.20-14.22.06:921][421]LogTemp: Repeting last play command: Selected Viewport
[2017.06.20-14.22.06:960][421]LogPlayLevel: PlayLevel: No blueprints needed recompiling
[2017.06.20-14.22.06:961][421]PIE: New page: PIE session: tonovideo3 (Jun 20, 2017, 8:22:06 AM)
[2017.06.20-14.22.06:961][421]LogPlayLevel: Creating play world package: /Game/UEDPIE_0_tonovideo3
[2017.06.20-14.22.06:965][421]LogPlayLevel: PIE: StaticDuplicateObject took: (0.004687s)
[2017.06.20-14.22.06:966][421]LogAIModule: Creating AISystem for world tonovideo3
[2017.06.20-14.22.06:966][421]LogPlayLevel: PIE: World Init took: (0.000660s)
[2017.06.20-14.22.06:966][421]LogPlayLevel: PIE: Created PIE world by copying editor world from /Game/tonovideo3.tonovideo3 to /Game/UEDPIE_0_tonovideo3.tonovideo3 (0.005537s)
[2017.06.20-14.22.06:990][421]LogInit: XAudio2 using 'Speakers (Realtek High Definition Audio)' : 2 channels at 48 kHz using 32 bits per sample (channel mask 0x3)
[2017.06.20-14.22.07:001][421]LogInit: FAudioDevice initialized.
[2017.06.20-14.22.07:054][421]LogLoad: Game class is 'PinBallgamemode_C'
[2017.06.20-14.22.07:057][421]LogWorld: Bringing World /Game/UEDPIE_0_tonovideo3.tonovideo3 up for play (max tick rate 0) at 2017.06.20-11.22.07
[2017.06.20-14.22.07:057][421]LogWorld: Bringing up level for play took: 0.001808
[2017.06.20-14.22.07:058][421]LogGameMode: FindPlayerStart: PATHS NOT DEFINED or NO PLAYERSTART with positive rating
[2017.06.20-14.22.07:061][421]PIE: Info Play in editor start time for /Game/UEDPIE_0_tonovideo3 0.555
[2017.06.20-14.22.12:521][600]LogBlueprintUserMessages: [Bp_Bumper6_860] 10.0
[2017.06.20-14.22.15:586][700]LogBlueprintUserMessages: [Bp_Bumper2_269] 20.0
[2017.06.20-14.22.16:536][730]LogBlueprintUserMessages: [Bp_Bumper2_269] 30.0
[2017.06.20-14.22.16:720][736]LogBlueprintUserMessages: [Bp_Bumper7_476] 40.0
[2017.06.20-14.22.17:895][773]LogBlueprintUserMessages: [Bp_Bumper5_674] 50.0
[2017.06.20-14.22.18:157][781]LogBlueprintUserMessages: [Bp_Bumper6_860] 60.0
[2017.06.20-14.22.19:766][831]LogBlueprintUserMessages: [Bp_Bumper5_674] 70.0
[2017.06.20-14.22.20:432][852]LogBlueprintUserMessages: [Bp_Bumper6_860] 80.0
[2017.06.20-14.22.21:629][889]LogBlueprintUserMessages: [Bp_Bumper5_674] 90.0
[2017.06.20-14.22.22:996][932]LogBlueprintUserMessages: [Bp_Bumper5_674] 100.0
[2017.06.20-14.22.23:153][937]LogBlueprintUserMessages: [Bp_Bumper6_860] 110.0
[2017.06.20-14.22.23:792][957]LogBlueprintUserMessages: [Bp_Bumper2_269] 120.0
[2017.06.20-14.22.24:621][983]LogBlueprintUserMessages: [Bp_Bumper2_269] 130.0
[2017.06.20-14.22.24:815][989]LogBlueprintUserMessages: [Bp_Bumper7_476] 140.0
[2017.06.20-14.22.47:626][815]LogTemp: Repeting last play command: Selected Viewport
[2017.06.20-14.22.47:660][815]LogPlayLevel: PlayLevel: No blueprints needed recompiling
[2017.06.20-14.22.47:660][815]PIE: New page: PIE session: tonovideo3 (Jun 20, 2017, 8:22:47 AM)
[2017.06.20-14.22.47:660][815]LogPlayLevel: Creating play world package: /Game/UEDPIE_0_tonovideo3
[2017.06.20-14.22.47:665][815]LogPlayLevel: PIE: StaticDuplicateObject took: (0.004625s)
[2017.06.20-14.22.47:665][815]LogAIModule: Creating AISystem for world tonovideo3
[2017.06.20-14.22.47:666][815]LogPlayLevel: PIE: World Init took: (0.000753s)
[2017.06.20-14.22.47:667][815]LogPlayLevel: PIE: Created PIE world by copying editor world from /Game/tonovideo3.tonovideo3 to /Game/UEDPIE_0_tonovideo3.tonovideo3 (0.006199s)
[2017.06.20-14.22.47:694][815]LogInit: XAudio2 using 'Speakers (Realtek High Definition Audio)' : 2 channels at 48 kHz using 32 bits per sample (channel mask 0x3)
[2017.06.20-14.22.47:705][815]LogInit: FAudioDevice initialized.
[2017.06.20-14.22.47:752][815]LogLoad: Game class is 'PinBallgamemode_C'
[2017.06.20-14.22.47:754][815]LogWorld: Bringing World /Game/UEDPIE_0_tonovideo3.tonovideo3 up for play (max tick rate 0) at 2017.06.20-11.22.47
[2017.06.20-14.22.47:755][815]LogWorld: Bringing up level for play took: 0.001501
[2017.06.20-14.22.47:755][815]LogGameMode: FindPlayerStart: PATHS NOT DEFINED or NO PLAYERSTART with positive rating
[2017.06.20-14.22.47:758][815]PIE: Info Play in editor start time for /Game/UEDPIE_0_tonovideo3 -0.748
[2017.06.20-14.22.53:792][ 12]LogBlueprintUserMessages: [Bp_Bumper5_674] 10.0
[2017.06.20-14.22.54:711][ 42]LogBlueprintUserMessages: [Bp_Bumper5_674] 20.0
[2017.06.20-14.23.04:389][356]LogBlueprintUserMessages: [Bp_Bumper6_860] 30.0
[2017.06.20-14.23.19:697][846]LogBlueprintUserMessages: [Bp_Bumper6_860] 40.0
[2017.06.20-14.23.52:697][ 99]LogTemp: Repeting last play command: Selected Viewport
[2017.06.20-14.23.52:727][ 99]LogPlayLevel: PlayLevel: No blueprints needed recompiling
[2017.06.20-14.23.52:727][ 99]PIE: New page: PIE session: tonovideo3 (Jun 20, 2017, 8:23:52 AM)
[2017.06.20-14.23.52:727][ 99]LogPlayLevel: Creating play world package: /Game/UEDPIE_0_tonovideo3
[2017.06.20-14.23.52:732][ 99]LogPlayLevel: PIE: StaticDuplicateObject took: (0.005076s)
[2017.06.20-14.23.52:733][ 99]LogAIModule: Creating AISystem for world tonovideo3
[2017.06.20-14.23.52:733][ 99]LogPlayLevel: PIE: World Init took: (0.000808s)
[2017.06.20-14.23.52:733][ 99]LogPlayLevel: PIE: Created PIE world by copying editor world from /Game/tonovideo3.tonovideo3 to /Game/UEDPIE_0_tonovideo3.tonovideo3 (0.006104s)
[2017.06.20-14.23.52:758][ 99]LogInit: XAudio2 using 'Speakers (Realtek High Definition Audio)' : 2 channels at 48 kHz using 32 bits per sample (channel mask 0x3)
[2017.06.20-14.23.52:768][ 99]LogInit: FAudioDevice initialized.
[2017.06.20-14.23.52:818][ 99]LogLoad: Game class is 'PinBallgamemode_C'
[2017.06.20-14.23.52:820][ 99]LogWorld: Bringing World /Game/UEDPIE_0_tonovideo3.tonovideo3 up for play (max tick rate 0) at 2017.06.20-11.23.52
[2017.06.20-14.23.52:820][ 99]LogWorld: Bringing up level for play took: 0.001722
[2017.06.20-14.23.52:821][ 99]LogGameMode: FindPlayerStart: PATHS NOT DEFINED or NO PLAYERSTART with positive rating
[2017.06.20-14.23.52:826][ 99]PIE: Info Play in editor start time for /Game/UEDPIE_0_tonovideo3 0.32
[2017.06.20-14.23.59:266][309]LogBlueprintUserMessages: [Bp_Bumper7_476] 10.0
[2017.06.20-14.24.02:359][409]LogBlueprintUserMessages: [Bp_Bumper2_269] 20.0
[2017.06.20-14.24.02:519][414]LogBlueprintUserMessages: [Bp_Bumper7_476] 30.0
[2017.06.20-14.39.05:420][195]LogFileHelpers: Editor autosave (incl. sublevels) for '/Game/tonovideo3' took 0.022
[2017.06.20-14.39.05:422][195]OBJ SavePackage: Generating thumbnails for [0] asset(s) in package [/Game/blueprints/PinBallHUD] ([1] browsable assets)...
[2017.06.20-14.39.05:422][195]OBJ SavePackage: Finished generating thumbnails for package [/Game/blueprints/PinBallHUD]
[2017.06.20-14.39.05:473][195]LogSavePackage: Save=21.58ms
[2017.06.20-14.39.05:473][195]LogSavePackage: Moving '../../../../../../Users/jesus/Documents/Unreal Projects/pinball_jesus/Saved/PinBallHUD_Auto1C0E29DB9486329225FC007BDEB405542.tmp' to '../../../../../../Users/jesus/Documents/Unreal Projects/pinball_jesus/Saved/Autosaves/Game/blueprints/PinBallHUD_Auto1.uasset'
[2017.06.20-14.39.05:499][195]LogSavePackage:Display: Finished SavePackage ../../../../../../Users/jesus/Documents/Unreal Projects/pinball_jesus/Saved/Autosaves/Game/blueprints/PinBallHUD_Auto1.uasset
[2017.06.20-14.39.05:511][195]LogFileHelpers: Auto-saving content packages took 0.091
[2017.06.20-14.51.01:843][435]LogFileHelpers: Editor autosave (incl. sublevels) for '/Game/tonovideo3' took 0.026
[2017.06.20-14.51.01:845][435]OBJ SavePackage: Generating thumbnails for [0] asset(s) in package [/Game/blueprints/PinBallHUD] ([1] browsable assets)...
[2017.06.20-14.51.01:845][435]OBJ SavePackage: Finished generating thumbnails for package [/Game/blueprints/PinBallHUD]
[2017.06.20-14.51.01:888][435]LogSavePackage: Save=21.91ms
[2017.06.20-14.51.01:888][435]LogSavePackage: Moving '../../../../../../Users/jesus/Documents/Unreal Projects/pinball_jesus/Saved/PinBallHUD_Auto2668172DB4CA12FDB68CCA7B40BCE4DB9.tmp' to '../../../../../../Users/jesus/Documents/Unreal Projects/pinball_jesus/Saved/Autosaves/Game/blueprints/PinBallHUD_Auto2.uasset'
[2017.06.20-14.51.01:888][435]LogSavePackage:Display: Finished SavePackage ../../../../../../Users/jesus/Documents/Unreal Projects/pinball_jesus/Saved/Autosaves/Game/blueprints/PinBallHUD_Auto2.uasset
[2017.06.20-14.51.01:889][435]LogFileHelpers: Auto-saving content packages took 0.045
[2017.06.20-15.01.02:583][604]LogFileHelpers: Editor autosave (incl. sublevels) for '/Game/tonovideo3' took 0.026
[2017.06.20-15.01.02:584][604]OBJ SavePackage: Generating thumbnails for [0] asset(s) in package [/Game/blueprints/PinBallHUD] ([1] browsable assets)...
[2017.06.20-15.01.02:584][604]OBJ SavePackage: Finished generating thumbnails for package [/Game/blueprints/PinBallHUD]
[2017.06.20-15.01.02:627][604]LogSavePackage: Save=22.54ms
[2017.06.20-15.01.02:627][604]LogSavePackage: Moving '../../../../../../Users/jesus/Documents/Unreal Projects/pinball_jesus/Saved/PinBallHUD_Auto320E4C005437B12F6B3D019860A017784.tmp' to '../../../../../../Users/jesus/Documents/Unreal Projects/pinball_jesus/Saved/Autosaves/Game/blueprints/PinBallHUD_Auto3.uasset'
[2017.06.20-15.01.02:628][604]LogSavePackage:Display: Finished SavePackage ../../../../../../Users/jesus/Documents/Unreal Projects/pinball_jesus/Saved/Autosaves/Game/blueprints/PinBallHUD_Auto3.uasset
[2017.06.20-15.01.02:628][604]LogFileHelpers: Auto-saving content packages took 0.045
[2017.06.20-15.12.46:252][796]LogFileHelpers: Editor autosave (incl. sublevels) for '/Game/tonovideo3' took 0.027
[2017.06.20-15.12.46:254][796]OBJ SavePackage: Generating thumbnails for [0] asset(s) in package [/Game/blueprints/pinballplayercontroller] ([1] browsable assets)...
[2017.06.20-15.12.46:254][796]OBJ SavePackage: Finished generating thumbnails for package [/Game/blueprints/pinballplayercontroller]
[2017.06.20-15.12.46:333][796]LogSavePackage: Save=61.44ms
[2017.06.20-15.12.46:333][796]LogSavePackage: Moving '../../../../../../Users/jesus/Documents/Unreal Projects/pinball_jesus/Saved/pinballplayercontroller_Auto42D43EF894E914701CD6D7997504142A3.tmp' to '../../../../../../Users/jesus/Documents/Unreal Projects/pinball_jesus/Saved/Autosaves/Game/blueprints/pinballplayercontroller_Auto4.uasset'
[2017.06.20-15.12.46:353][796]LogSavePackage:Display: Finished SavePackage ../../../../../../Users/jesus/Documents/Unreal Projects/pinball_jesus/Saved/Autosaves/Game/blueprints/pinballplayercontroller_Auto4.uasset
[2017.06.20-15.12.46:354][796]LogFileHelpers: Auto-saving content packages took 0.101
[2017.06.20-15.13.33:662][715]BlueprintLog: New page: Compile pinballplayercontroller
[2017.06.20-15.13.36:844][960]LogTemp: Repeting last play command: Selected Viewport
[2017.06.20-15.13.36:883][960]BlueprintLog: New page: Pre-Play auto-recompile
[2017.06.20-15.13.36:883][960]LogPlayLevel: [PlayLevel] Compiling PinBallHUD before play...
[2017.06.20-15.13.37:053][960]LogPlayLevel: PlayLevel: Blueprint regeneration took 170 ms (1 blueprints)
[2017.06.20-15.13.37:053][960]PIE: New page: PIE session: tonovideo3 (Jun 20, 2017, 9:13:37 AM)
[2017.06.20-15.13.37:053][960]LogPlayLevel: Creating play world package: /Game/UEDPIE_0_tonovideo3
[2017.06.20-15.13.37:062][960]LogPlayLevel: PIE: StaticDuplicateObject took: (0.008854s)
[2017.06.20-15.13.37:063][960]LogAIModule: Creating AISystem for world tonovideo3
[2017.06.20-15.13.37:063][960]LogPlayLevel: PIE: World Init took: (0.000893s)
[2017.06.20-15.13.37:063][960]LogPlayLevel: PIE: Created PIE world by copying editor world from /Game/tonovideo3.tonovideo3 to /Game/UEDPIE_0_tonovideo3.tonovideo3 (0.010023s)
[2017.06.20-15.13.37:086][960]LogInit: XAudio2 using 'Speakers (Realtek High Definition Audio)' : 2 channels at 48 kHz using 32 bits per sample (channel mask 0x3)
[2017.06.20-15.13.37:100][960]LogInit: FAudioDevice initialized.
[2017.06.20-15.13.37:133][960]LogLoad: Game class is 'PinBallgamemode_C'
[2017.06.20-15.13.37:136][960]LogWorld: Bringing World /Game/UEDPIE_0_tonovideo3.tonovideo3 up for play (max tick rate 0) at 2017.06.20-12.13.37
[2017.06.20-15.13.37:136][960]LogWorld: Bringing up level for play took: 0.002697
[2017.06.20-15.13.37:198][960]PIE: Info Play in editor start time for /Game/UEDPIE_0_tonovideo3 0.692
[2017.06.20-15.13.41:894][155]LogBlueprintUserMessages: [Bp_Bumper6_860] 10.0
[2017.06.20-15.13.44:324][257]LogBlueprintUserMessages: [Bp_Bumper7_476] 20.0
[2017.06.20-15.13.46:944][365]LogBlueprintUserMessages: [Bp_Bumper2_269] 30.0
[2017.06.20-15.13.56:433][751]LogBlueprintUserMessages: [Bp_Bumper7_476] 40.0
[2017.06.20-15.16.55:714][666]BlueprintLog: New page: Compile PinBallgamemode
[2017.06.20-15.16.57:654][801]LogSlate: Took 0.024362 seconds to synchronously load lazily loaded font '../../../Engine/Content/Editor/Slate/Fonts/Roboto-BoldCondensedItalic.ttf' (160K)
[2017.06.20-15.17.39:863][189]BlueprintLog: New page: Compile PinBallgamemode
[2017.06.20-15.17.39:872][189]LogBlueprint:Warning: [Compiler PinBallgamemode] Warning Can't parse default value 'False' for  <None> . Property: BallsRemaining.
[2017.06.20-15.17.40:088][189]BlueprintEditorCompileResults:Warning: Warning Can't parse default value 'False' for  <None> . Property: BallsRemaining.
[2017.06.20-15.17.40:088][189]LogBlueprint:Warning: [Compiler PinBallgamemode] Warning [5202.07] Compile of PinBallgamemode successful, but with 1 Warning(s) [in 225 ms] (/Game/blueprints/PinBallgamemode.PinBallgamemode)
[2017.06.20-15.17.50:449][ 94]BlueprintLog: New page: Compile PinBallgamemode
[2017.06.20-15.20.15:134][172]BlueprintLog: New page: Compile PinBallgamemode
[2017.06.20-15.23.06:994][742]LogFileHelpers: Editor autosave (incl. sublevels) for '/Game/tonovideo3' took 0.023
[2017.06.20-15.23.06:996][742]OBJ SavePackage: Generating thumbnails for [0] asset(s) in package [/Game/blueprints/PinBallgamemode] ([1] browsable assets)...
[2017.06.20-15.23.06:996][742]OBJ SavePackage: Finished generating thumbnails for package [/Game/blueprints/PinBallgamemode]
[2017.06.20-15.23.07:049][742]LogSavePackage: Save=35.38ms
[2017.06.20-15.23.07:049][742]LogSavePackage: Moving '../../../../../../Users/jesus/Documents/Unreal Projects/pinball_jesus/Saved/PinBallgamemode_Auto552829E134EF489A7933341AEAFC5F63F.tmp' to '../../../../../../Users/jesus/Documents/Unreal Projects/pinball_jesus/Saved/Autosaves/Game/blueprints/PinBallgamemode_Auto5.uasset'
[2017.06.20-15.23.07:050][742]LogSavePackage:Display: Finished SavePackage ../../../../../../Users/jesus/Documents/Unreal Projects/pinball_jesus/Saved/Autosaves/Game/blueprints/PinBallgamemode_Auto5.uasset
[2017.06.20-15.23.07:050][742]OBJ SavePackage: Generating thumbnails for [0] asset(s) in package [/Game/blueprints/pinballplayercontroller] ([1] browsable assets)...
[2017.06.20-15.23.07:050][742]OBJ SavePackage: Finished generating thumbnails for package [/Game/blueprints/pinballplayercontroller]
[2017.06.20-15.23.07:134][742]LogSavePackage: Save=71.79ms
[2017.06.20-15.23.07:134][742]LogSavePackage: Moving '../../../../../../Users/jesus/Documents/Unreal Projects/pinball_jesus/Saved/pinballplayercontroller_Auto57E2793DB4EDE85F7E60D0DA1A868E5AE.tmp' to '../../../../../../Users/jesus/Documents/Unreal Projects/pinball_jesus/Saved/Autosaves/Game/blueprints/pinballplayercontroller_Auto5.uasset'
[2017.06.20-15.23.07:135][742]LogSavePackage:Display: Finished SavePackage ../../../../../../Users/jesus/Documents/Unreal Projects/pinball_jesus/Saved/Autosaves/Game/blueprints/pinballplayercontroller_Auto5.uasset
[2017.06.20-15.23.07:136][742]OBJ SavePackage: Generating thumbnails for [0] asset(s) in package [/Game/blueprints/PinBallHUD] ([1] browsable assets)...
[2017.06.20-15.23.07:136][742]OBJ SavePackage: Finished generating thumbnails for package [/Game/blueprints/PinBallHUD]
[2017.06.20-15.23.07:173][742]LogSavePackage: Save=22.25ms
[2017.06.20-15.23.07:173][742]LogSavePackage: Moving '../../../../../../Users/jesus/Documents/Unreal Projects/pinball_jesus/Saved/PinBallHUD_Auto54F10B1864DF3A815F496DCBA4E5AE9A2.tmp' to '../../../../../../Users/jesus/Documents/Unreal Projects/pinball_jesus/Saved/Autosaves/Game/blueprints/PinBallHUD_Auto5.uasset'
[2017.06.20-15.23.07:174][742]LogSavePackage:Display: Finished SavePackage ../../../../../../Users/jesus/Documents/Unreal Projects/pinball_jesus/Saved/Autosaves/Game/blueprints/PinBallHUD_Auto5.uasset
[2017.06.20-15.23.07:174][742]LogFileHelpers: Auto-saving content packages took 0.179
[2017.06.20-15.41.46:872][239]Cmd: OBJ SAVEPACKAGE PACKAGE="/Game/blueprints/PinBallgamemode" FILE="../../../../../../Users/jesus/Documents/Unreal Projects/pinball_jesus/Content/blueprints/PinBallgamemode.uasset" SILENT=true
[2017.06.20-15.41.46:936][239]LogSavePackage: Save=43.82ms
[2017.06.20-15.41.46:936][239]LogSavePackage: Moving '../../../../../../Users/jesus/Documents/Unreal Projects/pinball_jesus/Saved/PinBallgamemode1FC60E3D4D9CD87EA391FEA1F3E5C082.tmp' to '../../../../../../Users/jesus/Documents/Unreal Projects/pinball_jesus/Content/blueprints/PinBallgamemode.uasset'
[2017.06.20-15.41.46:942][239]LogSavePackage:Display: Finished SavePackage ../../../../../../Users/jesus/Documents/Unreal Projects/pinball_jesus/Content/blueprints/PinBallgamemode.uasset
[2017.06.20-15.41.46:947][239]Cmd: OBJ SAVEPACKAGE PACKAGE="/Game/blueprints/PinBallHUD" FILE="../../../../../../Users/jesus/Documents/Unreal Projects/pinball_jesus/Content/blueprints/PinBallHUD.uasset" SILENT=true
[2017.06.20-15.41.46:984][239]LogSavePackage: Save=22.31ms
[2017.06.20-15.41.46:984][239]LogSavePackage: Moving '../../../../../../Users/jesus/Documents/Unreal Projects/pinball_jesus/Saved/PinBallHUDB8EDC09146CBBFFAC73AD185DD4E596B.tmp' to '../../../../../../Users/jesus/Documents/Unreal Projects/pinball_jesus/Content/blueprints/PinBallHUD.uasset'
[2017.06.20-15.41.46:991][239]LogSavePackage:Display: Finished SavePackage ../../../../../../Users/jesus/Documents/Unreal Projects/pinball_jesus/Content/blueprints/PinBallHUD.uasset
[2017.06.20-15.41.47:104][239]LogSavePackage: Save=70.15ms
[2017.06.20-15.41.47:104][239]LogSavePackage: Moving '../../../../../../Users/jesus/Documents/Unreal Projects/pinball_jesus/Saved/pinballplayercontroller8D6BDE9E4426E13D277119B9086AE1F1.tmp' to '../../../../../../Users/jesus/Documents/Unreal Projects/pinball_jesus/Content/blueprints/pinballplayercontroller.uasset'
[2017.06.20-15.41.47:110][239]LogSavePackage:Display: Finished SavePackage ../../../../../../Users/jesus/Documents/Unreal Projects/pinball_jesus/Content/blueprints/pinballplayercontroller.uasset
[2017.06.20-15.41.47:337][239]LogActorComponent: UnregisterComponent: (/Engine/Transient.EditorFloorComp) Not registered. Aborting.
[2017.06.20-15.41.47:573][239]LogActorComponent: UnregisterComponent: (/Engine/Transient.EditorFloorComp) Not registered. Aborting.
[2017.06.20-15.41.47:937][240]Cmd: QUIT_EDITOR
[2017.06.20-15.41.49:037][240]LogWindowsTextInputMethodSystem:Display: IME system now deactivated.
[2017.06.20-15.41.49:054][240]LogExit: Preparing to exit.
[2017.06.20-15.41.50:096][240]LogDirectoryWatcher: A directory notification for 'C:/Users/jesus/Documents/Unreal Projects/pinball_jesus/Content/' was aborted.
[2017.06.20-15.41.50:209][240]LogExit: Editor shut down
[2017.06.20-15.41.50:234][240]LogExit: Transaction tracking system shut down
[2017.06.20-15.41.51:015][240]LogObj: Freed 0b from 0 cluster array pools.
[2017.06.20-15.41.51:016][240]LogExit: Object subsystem successfully closed.
[2017.06.20-15.41.51:123][240]LogD3D11RHI: Shutdown
[2017.06.20-15.41.51:123][240]LogD3D11RHI: CleanupD3DDevice
[2017.06.20-15.41.51:231][240]LogD3D11RHI: ~FD3D11DynamicRHI
[2017.06.20-15.41.51:689][240]LogModuleManager: Shutting down and abandoning module SequencerWidgets (532)
[2017.06.20-15.41.51:689][240]LogModuleManager: Shutting down and abandoning module BlueprintGraph (530)
[2017.06.20-15.41.51:689][240]LogModuleManager: Shutting down and abandoning module BlueprintProfiler (528)
[2017.06.20-15.41.51:699][240]LogModuleManager: Shutting down and abandoning module MovieSceneCapture (526)
[2017.06.20-15.41.51:699][240]LogModuleManager: Shutting down and abandoning module HierarchicalLODOutliner (524)
[2017.06.20-15.41.51:709][240]LogModuleManager: Shutting down and abandoning module CrashTracker (522)
[2017.06.20-15.41.51:709][240]LogModuleManager: Shutting down and abandoning module SceneOutliner (520)
[2017.06.20-15.41.51:709][240]LogModuleManager: Shutting down and abandoning module AddContentDialog (518)
[2017.06.20-15.41.51:724][240]LogDirectoryWatcher: A directory notification for 'C:/Program Files/Epic Games/UE_4.16/FeaturePacks/' was aborted.
[2017.06.20-15.41.51:730][240]LogModuleManager: Shutting down and abandoning module WidgetCarousel (517)
[2017.06.20-15.41.51:730][240]LogModuleManager: Shutting down and abandoning module EditorWidgets (514)
[2017.06.20-15.41.51:730][240]LogModuleManager: Shutting down and abandoning module CollectionManager (512)
[2017.06.20-15.41.51:730][240]LogDirectoryWatcher: A directory notification for 'C:/Users/jesus/Documents/Unreal Projects/pinball_jesus/Content/Collections/' was aborted.
[2017.06.20-15.41.51:730][240]LogDirectoryWatcher: A directory notification for 'C:/Users/jesus/Documents/Unreal Projects/pinball_jesus/Content/Developers/jesus/Collections/' was aborted.
[2017.06.20-15.41.51:730][240]LogDirectoryWatcher: A directory notification for 'C:/Users/jesus/Documents/Unreal Projects/pinball_jesus/Saved/Collections/' was aborted.
[2017.06.20-15.41.51:730][240]LogModuleManager: Shutting down and abandoning module StatsViewer (510)
[2017.06.20-15.41.51:740][240]LogModuleManager: Shutting down and abandoning module FoliageEdit (508)
[2017.06.20-15.41.51:740][240]LogModuleManager: Shutting down and abandoning module LandscapeEditor (506)
[2017.06.20-15.41.51:752][240]LogModuleManager: Shutting down and abandoning module MeshPaintMode (504)
[2017.06.20-15.41.51:753][240]LogModuleManager: Shutting down and abandoning module SceneDepthPickerMode (502)
[2017.06.20-15.41.51:753][240]LogModuleManager: Shutting down and abandoning module ActorPickerMode (500)
[2017.06.20-15.41.51:753][240]LogModuleManager: Shutting down and abandoning module GeometryMode (498)
[2017.06.20-15.41.51:753][240]LogModuleManager: Shutting down and abandoning module TextureAlignMode (496)
[2017.06.20-15.41.51:753][240]LogModuleManager: Shutting down and abandoning module BspMode (494)
[2017.06.20-15.41.51:753][240]LogModuleManager: Shutting down and abandoning module HardwareSurvey (492)
[2017.06.20-15.41.51:761][240]LogModuleManager: Shutting down and abandoning module SequenceRecorderSections (490)
[2017.06.20-15.41.51:767][240]LogModuleManager: Shutting down and abandoning module AutomationWorker (488)
[2017.06.20-15.41.51:777][240]LogModuleManager: Shutting down and abandoning module MatineeToLevelSequence (486)
[2017.06.20-15.41.51:780][240]LogModuleManager: Shutting down and abandoning module LevelSequenceEditor (484)
[2017.06.20-15.41.51:794][240]LogModuleManager: Shutting down and abandoning module PlacementMode (483)
[2017.06.20-15.41.51:794][240]LogModuleManager: Shutting down and abandoning module WmfMediaFactory (480)
[2017.06.20-15.41.51:794][240]LogModuleManager: Shutting down and abandoning module WmfMediaEditor (478)
[2017.06.20-15.41.51:794][240]LogModuleManager: Shutting down and abandoning module AvfMediaFactory (476)
[2017.06.20-15.41.51:794][240]LogModuleManager: Shutting down and abandoning module AvfMediaEditor (474)
[2017.06.20-15.41.51:794][240]LogModuleManager: Shutting down and abandoning module AndroidMediaFactory (472)
[2017.06.20-15.41.51:794][240]LogModuleManager: Shutting down and abandoning module Media (471)
[2017.06.20-15.41.51:794][240]LogModuleManager: Shutting down and abandoning module AndroidMediaEditor (468)
[2017.06.20-15.41.51:794][240]LogModuleManager: Shutting down and abandoning module CharacterAI (466)
[2017.06.20-15.41.51:794][240]LogModuleManager: Shutting down and abandoning module AudioCapture (464)
[2017.06.20-15.41.51:807][240]LogModuleManager: Shutting down and abandoning module SequenceRecorder (463)
[2017.06.20-15.41.51:816][240]LogModuleManager: Shutting down and abandoning module SmartSnapping (460)
[2017.06.20-15.41.51:816][240]LogModuleManager: Shutting down and abandoning module SessionServices (458)
[2017.06.20-15.41.51:816][240]LogModuleManager: Shutting down and abandoning module ViewportSnapping (456)
[2017.06.20-15.41.51:816][240]LogModuleManager: Shutting down and abandoning module ViewportInteraction (454)
[2017.06.20-15.41.51:816][240]LogModuleManager: Shutting down and abandoning module ClothPainter (452)
[2017.06.20-15.41.51:835][240]LogModuleManager: Shutting down and abandoning module LogVisualizer (450)
[2017.06.20-15.41.51:853][240]LogModuleManager: Shutting down and abandoning module IntroTutorials (448)
[2017.06.20-15.41.51:870][240]LogModuleManager: Shutting down and abandoning module GameProjectGeneration (447)
[2017.06.20-15.41.51:886][240]LogModuleManager: Shutting down and abandoning module EditorLiveStreaming (444)
[2017.06.20-15.41.51:887][240]LogModuleManager: Shutting down and abandoning module IOSPlatformEditor (442)
[2017.06.20-15.41.51:887][240]LogModuleManager: Shutting down and abandoning module HTML5PlatformEditor (440)
[2017.06.20-15.41.51:887][240]LogModuleManager: Shutting down and abandoning module AndroidPlatformEditor (438)
[2017.06.20-15.41.51:887][240]LogModuleManager: Shutting down and abandoning module AndroidDeviceDetection (437)
[2017.06.20-15.41.52:152][240]LogModuleManager: Shutting down and abandoning module IOSRuntimeSettings (434)
[2017.06.20-15.41.52:152][240]LogModuleManager: Shutting down and abandoning module AndroidRuntimeSettings (432)
[2017.06.20-15.41.52:152][240]LogModuleManager: Shutting down and abandoning module InputBindingEditor (430)
[2017.06.20-15.41.52:167][240]LogModuleManager: Shutting down and abandoning module MergeActors (428)
[2017.06.20-15.41.52:173][240]LogModuleManager: Shutting down and abandoning module SizeMap (426)
[2017.06.20-15.41.52:173][240]LogModuleManager: Shutting down and abandoning module TreeMap (424)
[2017.06.20-15.41.52:183][240]LogModuleManager: Shutting down and abandoning module ReferenceViewer (422)
[2017.06.20-15.41.52:193][240]LogModuleManager: Shutting down and abandoning module LocalizationDashboard (420)
[2017.06.20-15.41.52:208][240]LogModuleManager: Shutting down and abandoning module LocalizationService (419)
[2017.06.20-15.41.52:215][240]LogModuleManager: Shutting down and abandoning module HardwareTargeting (416)
[2017.06.20-15.41.52:215][240]LogModuleManager: Shutting down and abandoning module DeviceProfileEditor (414)
[2017.06.20-15.41.52:225][240]LogModuleManager: Shutting down and abandoning module UndoHistory (412)
[2017.06.20-15.41.52:233][240]LogModuleManager: Shutting down and abandoning module UserFeedback (410)
[2017.06.20-15.41.52:233][240]LogModuleManager: Shutting down and abandoning module XmlParser (408)
[2017.06.20-15.41.52:240][240]LogModuleManager: Shutting down and abandoning module Blutility (406)
[2017.06.20-15.41.52:248][240]LogModuleManager: Shutting down and abandoning module ProjectSettingsViewer (404)
[2017.06.20-15.41.52:248][240]LogModuleManager: Shutting down and abandoning module ProjectTargetPlatformEditor (403)
[2017.06.20-15.41.52:248][240]LogModuleManager: Shutting down and abandoning module EditorSettingsViewer (400)
[2017.06.20-15.41.52:248][240]LogModuleManager: Shutting down and abandoning module SettingsEditor (398)
[2017.06.20-15.41.52:248][240]LogModuleManager: Shutting down and abandoning module ProjectLauncher (396)
[2017.06.20-15.41.52:265][240]LogModuleManager: Shutting down and abandoning module SessionFrontend (394)
[2017.06.20-15.41.52:272][240]LogModuleManager: Shutting down and abandoning module ProfilerClient (392)
[2017.06.20-15.41.52:278][240]LogModuleManager: Shutting down and abandoning module DeviceManager (390)
[2017.06.20-15.41.52:283][240]LogModuleManager: Shutting down and abandoning module TargetDeviceServices (389)
[2017.06.20-15.41.52:338][240]LogModuleManager: Shutting down and abandoning module AutomationController (386)
[2017.06.20-15.41.52:362][240]LogModuleManager: Shutting down and abandoning module AutomationWindow (384)
[2017.06.20-15.41.52:381][240]LogModuleManager: Shutting down and abandoning module Layers (382)
[2017.06.20-15.41.52:398][240]LogModuleManager: Shutting down and abandoning module ComponentVisualizers (380)
[2017.06.20-15.41.52:398][240]LogModuleManager: Shutting down and abandoning module DetailCustomizations (378)
[2017.06.20-15.41.52:398][240]LogModuleManager: Shutting down and abandoning module PackagesDialog (376)
[2017.06.20-15.41.52:398][240]LogModuleManager: Shutting down and abandoning module Persona (374)
[2017.06.20-15.41.52:415][240]LogModuleManager: Shutting down and abandoning module AdvancedPreviewScene (373)
[2017.06.20-15.41.52:415][240]LogModuleManager: Shutting down and abandoning module AnimGraph (371)
[2017.06.20-15.41.52:415][240]LogModuleManager: Shutting down and abandoning module Kismet (368)
[2017.06.20-15.41.52:425][240]LogModuleManager: Shutting down and abandoning module ClassViewer (366)
[2017.06.20-15.41.52:428][240]LogModuleManager: Shutting down and abandoning module Toolbox (364)
[2017.06.20-15.41.52:435][240]LogModuleManager: Shutting down and abandoning module ModuleUI (362)
[2017.06.20-15.41.52:441][240]LogModuleManager: Shutting down and abandoning module MovieSceneTools (360)
[2017.06.20-15.41.52:441][240]LogModuleManager: Shutting down and abandoning module OutputLog (358)
[2017.06.20-15.41.52:451][240]LogModuleManager: Shutting down and abandoning module GammaUI (356)
[2017.06.20-15.41.52:454][240]LogModuleManager: Shutting down and abandoning module Documentation (354)
[2017.06.20-15.41.52:454][240]LogModuleManager: Shutting down and abandoning module MovieSceneTracks (352)
[2017.06.20-15.41.52:454][240]LogModuleManager: Shutting down and abandoning module MovieScene (350)
[2017.06.20-15.41.52:454][240]LogModuleManager: Shutting down and abandoning module Niagara (348)
[2017.06.20-15.41.52:454][240]LogModuleManager: Shutting down and abandoning module NiagaraEditor (347)
[2017.06.20-15.41.52:482][240]LogModuleManager: Shutting down and abandoning module StreamingPauseRendering (344)
[2017.06.20-15.41.52:482][240]LogModuleManager: Shutting down and abandoning module AnalyticsET (342)
[2017.06.20-15.41.52:482][240]LogModuleManager: Shutting down and abandoning module PortalServices (340)
[2017.06.20-15.41.52:482][240]LogModuleManager: Shutting down and abandoning module PortalRpc (338)
[2017.06.20-15.41.52:482][240]LogModuleManager: Shutting down and abandoning module MessagingRpc (336)
[2017.06.20-15.41.52:482][240]LogModuleManager: Shutting down and abandoning module AIModule (334)
[2017.06.20-15.41.52:482][240]LogModuleManager: Shutting down and abandoning module GameplayDebugger (333)
[2017.06.20-15.41.52:482][240]LogModuleManager: Shutting down and abandoning module AITestSuite (331)
[2017.06.20-15.41.52:488][240]LogModuleManager: Shutting down and abandoning module ProfilerService (328)
[2017.06.20-15.41.52:733][240]LogModuleManager: Shutting down and abandoning module TaskGraph (326)
[2017.06.20-15.41.52:782][240]LogModuleManager: Shutting down and abandoning module SteamVRController (324)
[2017.06.20-15.41.52:782][240]LogModuleManager: Shutting down and abandoning module SteamVR (322)
[2017.06.20-15.41.52:782][240]LogModuleManager: Shutting down and abandoning module ProceduralMeshComponentEditor (320)
[2017.06.20-15.41.52:787][240]LogModuleManager: Shutting down and abandoning module ProceduralMeshComponent (318)
[2017.06.20-15.41.52:791][240]LogModuleManager: Shutting down and abandoning module OculusLibrary (316)
[2017.06.20-15.41.52:791][240]LogModuleManager: Shutting down and abandoning module OculusInput (314)
[2017.06.20-15.41.52:791][240]LogModuleManager: Shutting down and abandoning module MobilePatchingUtils (312)
[2017.06.20-15.41.52:791][240]LogModuleManager: Shutting down and abandoning module CustomMeshComponent (310)
[2017.06.20-15.41.52:791][240]LogModuleManager: Shutting down and abandoning module CableComponent (308)
[2017.06.20-15.41.52:798][240]LogModuleManager: Shutting down and abandoning module ArchVisCharacter (306)
[2017.06.20-15.41.52:798][240]LogModuleManager: Shutting down and abandoning module AndroidPermission (304)
[2017.06.20-15.41.52:798][240]LogModuleManager: Shutting down and abandoning module MediaPlayerEditor (300)
[2017.06.20-15.41.52:819][240]LogModuleManager: Shutting down and abandoning module HTML5Networking (298)
[2017.06.20-15.41.52:819][240]LogModuleManager: Shutting down and abandoning module AlembicImporter (296)
[2017.06.20-15.41.52:827][240]LogModuleManager: Shutting down and abandoning module AlembicLibrary (295)
[2017.06.20-15.41.52:827][240]LogModuleManager: Shutting down and abandoning module GeometryCache (294)
[2017.06.20-15.41.52:837][240]LogModuleManager: Shutting down and abandoning module GeometryCacheEd (293)
[2017.06.20-15.41.52:838][240]LogModuleManager: Shutting down and abandoning module SuperSearchEditor (288)
[2017.06.20-15.41.52:838][240]LogModuleManager: Shutting down and abandoning module SuperSearch (287)
[2017.06.20-15.41.52:838][240]LogModuleManager: Shutting down and abandoning module SpeedTreeImporter (284)
[2017.06.20-15.41.52:838][240]LogModuleManager: Shutting down and abandoning module PluginBrowser (282)
[2017.06.20-15.41.52:855][240]LogModuleManager: Shutting down and abandoning module MobileLauncherProfileWizard (280)
[2017.06.20-15.41.52:867][240]LogModuleManager: Shutting down and abandoning module VisualStudioSourceCodeAccess (278)
[2017.06.20-15.41.52:868][240]LogModuleManager: Shutting down and abandoning module DesktopPlatform (277)
[2017.06.20-15.41.52:868][240]LogModuleManager: Shutting down and abandoning module UObjectPlugin (274)
[2017.06.20-15.41.52:868][240]LogModuleManager: Shutting down and abandoning module SubversionSourceControl (272)
[2017.06.20-15.41.52:872][240]LogModuleManager: Shutting down and abandoning module PerforceSourceControl (270)
[2017.06.20-15.41.52:888][240]LogModuleManager: Shutting down and abandoning module GitSourceControl (268)
[2017.06.20-15.41.52:904][240]LogModuleManager: Shutting down and abandoning module SourceControl (267)
[2017.06.20-15.41.52:906][240]LogModuleManager: Shutting down and abandoning module LightPropagationVolumeEditor (264)
[2017.06.20-15.41.52:906][240]LogModuleManager: Shutting down and abandoning module PaperTiledImporter (262)
[2017.06.20-15.41.52:906][240]LogModuleManager: Shutting down and abandoning module PaperSpriteSheetImporter (260)
[2017.06.20-15.41.52:906][240]LogModuleManager: Shutting down and abandoning module Paper2DEditor (258)
[2017.06.20-15.41.52:910][240]LogModuleManager: Shutting down and abandoning module MeshPaint (257)
[2017.06.20-15.41.52:919][240]LogModuleManager: Shutting down and abandoning module LevelEditor (255)
[2017.06.20-15.41.52:920][240]LogModuleManager: Shutting down and abandoning module PixelInspectorModule (254)
[2017.06.20-15.41.52:927][240]LogModuleManager: Shutting down and abandoning module MainFrame (252)
[2017.06.20-15.41.52:931][240]LogModuleManager: Shutting down and abandoning module HotReload (251)
[2017.06.20-15.41.52:937][240]LogModuleManager: Shutting down and abandoning module PhysXVehiclesEditor (246)
[2017.06.20-15.41.52:944][240]LogModuleManager: Shutting down and abandoning module PhysXVehicles (244)
[2017.06.20-15.41.52:944][240]LogModuleManager: Shutting down and abandoning module LocationServicesBPLibrary (242)
[2017.06.20-15.41.52:944][240]LogModuleManager: Shutting down and abandoning module ImmediatePhysicsEditor (240)
[2017.06.20-15.41.52:944][240]LogModuleManager: Shutting down and abandoning module ImmediatePhysics (238)
[2017.06.20-15.41.52:947][240]LogModuleManager: Shutting down and abandoning module UdpMessaging (236)
[2017.06.20-15.41.53:049][240]LogModuleManager: Shutting down and abandoning module TcpMessaging (234)
[2017.06.20-15.41.53:157][240]LogModuleManager: Shutting down and abandoning module GameplayTagsEditor (232)
[2017.06.20-15.41.53:157][240]LogModuleManager: Shutting down and abandoning module FacialAnimationEditor (230)
[2017.06.20-15.41.53:159][240]LogModuleManager: Shutting down and abandoning module FacialAnimation (228)
[2017.06.20-15.41.53:159][240]LogModuleManager: Shutting down and abandoning module AssetManagerEditor (226)
[2017.06.20-15.41.53:167][240]LogModuleManager: Shutting down and abandoning module GraphEditor (225)
[2017.06.20-15.41.53:167][240]LogModuleManager: Shutting down and abandoning module ContentBrowser (223)
[2017.06.20-15.41.53:169][240]LogModuleManager: Shutting down and abandoning module LightPropagationVolumeRuntime (220)
[2017.06.20-15.41.53:169][240]LogModuleManager: Shutting down and abandoning module Paper2D (218)
[2017.06.20-15.41.53:169][240]LogModuleManager: Shutting down and abandoning module WindowsMoviePlayer (216)
[2017.06.20-15.41.53:169][240]LogModuleManager: Shutting down and abandoning module WmfMedia (214)
[2017.06.20-15.41.53:180][240]LogModuleManager: Shutting down and abandoning module ClothingSystemEditor (212)
[2017.06.20-15.41.53:180][240]LogModuleManager: Shutting down and abandoning module ClothingSystemRuntime (210)
[2017.06.20-15.41.53:185][240]LogModuleManager: Shutting down and abandoning module MediaAssets (208)
[2017.06.20-15.41.53:185][240]LogModuleManager: Shutting down and abandoning module GameLiveStreaming (206)
[2017.06.20-15.41.53:195][240]LogModuleManager: Shutting down and abandoning module VREditor (204)
[2017.06.20-15.41.53:205][240]LogModuleManager: Shutting down and abandoning module StringTableEditor (202)
[2017.06.20-15.41.53:221][240]LogModuleManager: Shutting down and abandoning module GameplayTasksEditor (200)
[2017.06.20-15.41.53:221][240]LogModuleManager: Shutting down and abandoning module BehaviorTreeEditor (198)
[2017.06.20-15.41.53:244][240]LogModuleManager: Shutting down and abandoning module FunctionalTesting (196)
[2017.06.20-15.41.53:244][240]LogModuleManager: Shutting down and abandoning module CollisionAnalyzer (194)
[2017.06.20-15.41.53:260][240]LogModuleManager: Shutting down and abandoning module UMG (192)
[2017.06.20-15.41.53:271][240]LogModuleManager: Shutting down and abandoning module UMGEditor (191)
[2017.06.20-15.41.53:271][240]LogModuleManager: Shutting down and abandoning module Sequencer (190)
[2017.06.20-15.41.53:271][240]LogModuleManager: Shutting down and abandoning module AssetTools (188)
[2017.06.20-15.41.53:271][240]LogModuleManager: Shutting down and abandoning module MessageLog (187)
[2017.06.20-15.41.53:271][240]LogModuleManager: Shutting down and abandoning module WorkspaceMenuStructure (186)
[2017.06.20-15.41.53:271][240]LogModuleManager: Shutting down and abandoning module SlateReflector (180)
[2017.06.20-15.41.53:292][240]LogModuleManager: Shutting down and abandoning module Slate (178)
[2017.06.20-15.41.53:292][240]LogModuleManager: Shutting down and abandoning module EditorStyle (176)
[2017.06.20-15.41.53:295][240]LogModuleManager: Shutting down and abandoning module SourceCodeAccess (174)
[2017.06.20-15.41.53:295][240]LogModuleManager: Shutting down and abandoning module HeadMountedDisplay (172)
[2017.06.20-15.41.53:295][240]LogModuleManager: Shutting down and abandoning module XAudio2 (170)
[2017.06.20-15.41.53:295][240]LogModuleManager: Shutting down and abandoning module Networking (168)
[2017.06.20-15.41.53:296][240]LogModuleManager: Shutting down and abandoning module Core (164)
[2017.06.20-15.41.53:296][240]LogModuleManager: Shutting down and abandoning module AssetRegistry (162)
[2017.06.20-15.41.53:456][240]LogDirectoryWatcher: A directory notification for '../../../Engine/Plugins/2D/Paper2D/Content/' was aborted.
[2017.06.20-15.41.53:457][240]LogDirectoryWatcher: A directory notification for '../../../Engine/Plugins/Runtime/GearVR/Content/' was aborted.
[2017.06.20-15.41.53:475][240]LogModuleManager: Shutting down and abandoning module DirectoryWatcher (161)
[2017.06.20-15.41.53:475][240]LogDirectoryWatcher: A directory notification for '../../../Engine/Content/' was aborted.
[2017.06.20-15.41.53:475][240]LogDirectoryWatcher: A directory notification for '../../../../../../Users/jesus/Documents/Unreal Projects/pinball_jesus/Content/' was aborted.
[2017.06.20-15.41.53:480][240]LogModuleManager: Shutting down and abandoning module KismetCompiler (158)
[2017.06.20-15.41.53:480][240]LogModuleManager: Shutting down and abandoning module LevelSequence (156)
[2017.06.20-15.41.53:480][240]LogModuleManager: Shutting down and abandoning module PhysXFormats (154)
[2017.06.20-15.41.53:480][240]LogModuleManager: Shutting down and abandoning module MeshUtilities (152)
[2017.06.20-15.41.53:480][240]LogModuleManager: Shutting down and abandoning module SimplygonSwarm (151)
[2017.06.20-15.41.53:485][240]LogModuleManager: Shutting down and abandoning module SimplygonMeshReduction (149)
[2017.06.20-15.41.53:485][240]LogModuleManager: Shutting down and abandoning module QuadricMeshReduction (147)
[2017.06.20-15.41.53:494][240]LogModuleManager: Shutting down and abandoning module DerivedDataCache (144)
[2017.06.20-15.41.53:516][240]LogDerivedDataCache: Shutdown
[2017.06.20-15.41.53:516][240]LogModuleManager: Shutting down and abandoning module TargetPlatform (142)
[2017.06.20-15.41.53:516][240]LogModuleManager: Shutting down and abandoning module VulkanShaderFormat (141)
[2017.06.20-15.41.53:532][240]LogModuleManager: Shutting down and abandoning module ShaderFormatVectorVM (139)
[2017.06.20-15.41.53:536][240]LogModuleManager: Shutting down and abandoning module ShaderFormatOpenGL (137)
[2017.06.20-15.41.53:547][240]LogModuleManager: Shutting down and abandoning module ShaderFormatD3D (135)
[2017.06.20-15.41.53:547][240]LogModuleManager: Shutting down and abandoning module MetalShaderFormat (133)
[2017.06.20-15.41.53:554][240]LogModuleManager: Shutting down and abandoning module TextureFormatUncompressed (131)
[2017.06.20-15.41.53:554][240]LogModuleManager: Shutting down and abandoning module TextureFormatPVR (129)
[2017.06.20-15.41.53:554][240]LogModuleManager: Shutting down and abandoning module TextureFormatDXT (127)
[2017.06.20-15.41.53:554][240]LogModuleManager: Shutting down and abandoning module TextureFormatIntelISPCTexComp (125)
[2017.06.20-15.41.53:554][240]LogModuleManager: Shutting down and abandoning module TextureFormatASTC (123)
[2017.06.20-15.41.53:555][240]LogModuleManager: Shutting down and abandoning module ImageWrapper (122)
[2017.06.20-15.41.53:555][240]LogModuleManager: Shutting down and abandoning module TextureFormatAndroid (119)
[2017.06.20-15.41.53:555][240]LogModuleManager: Shutting down and abandoning module AudioFormatOpus (117)
[2017.06.20-15.41.53:555][240]LogModuleManager: Shutting down and abandoning module AudioFormatOgg (115)
[2017.06.20-15.41.53:555][240]LogModuleManager: Shutting down and abandoning module AudioFormatADPCM (113)
[2017.06.20-15.41.53:555][240]LogModuleManager: Shutting down and abandoning module LinuxTargetPlatform (111)
[2017.06.20-15.41.53:555][240]LogModuleManager: Shutting down and abandoning module LinuxServerTargetPlatform (109)
[2017.06.20-15.41.53:555][240]LogModuleManager: Shutting down and abandoning module LinuxNoEditorTargetPlatform (107)
[2017.06.20-15.41.53:555][240]LogModuleManager: Shutting down and abandoning module LinuxClientTargetPlatform (105)
[2017.06.20-15.41.53:555][240]LogModuleManager: Shutting down and abandoning module TVOSTargetPlatform (103)
[2017.06.20-15.41.53:555][240]LogModuleManager: Shutting down and abandoning module Messaging (101)
[2017.06.20-15.41.53:555][240]LogModuleManager: Shutting down and abandoning module IOSTargetPlatform (99)
[2017.06.20-15.41.53:555][240]LogModuleManager: Shutting down and abandoning module HTML5TargetPlatform (97)
[2017.06.20-15.41.53:555][240]LogModuleManager: Shutting down and abandoning module Android_PVRTCTargetPlatform (95)
[2017.06.20-15.41.53:555][240]LogModuleManager: Shutting down and abandoning module Android_MultiTargetPlatform (93)
[2017.06.20-15.41.53:555][240]LogModuleManager: Shutting down and abandoning module Android_ETC2TargetPlatform (91)
[2017.06.20-15.41.53:555][240]LogModuleManager: Shutting down and abandoning module Android_ETC1TargetPlatform (89)
[2017.06.20-15.41.53:555][240]LogModuleManager: Shutting down and abandoning module Android_DXTTargetPlatform (87)
[2017.06.20-15.41.53:555][240]LogModuleManager: Shutting down and abandoning module Android_ATCTargetPlatform (85)
[2017.06.20-15.41.53:555][240]LogModuleManager: Shutting down and abandoning module Android_ASTCTargetPlatform (83)
[2017.06.20-15.41.53:555][240]LogModuleManager: Shutting down and abandoning module AndroidTargetPlatform (81)
[2017.06.20-15.41.53:555][240]LogModuleManager: Shutting down and abandoning module WindowsTargetPlatform (79)
[2017.06.20-15.41.53:555][240]LogModuleManager: Shutting down and abandoning module WindowsServerTargetPlatform (77)
[2017.06.20-15.41.53:555][240]LogModuleManager: Shutting down and abandoning module WindowsNoEditorTargetPlatform (75)
[2017.06.20-15.41.53:555][240]LogModuleManager: Shutting down and abandoning module WindowsClientTargetPlatform (73)
[2017.06.20-15.41.53:555][240]LogModuleManager: Shutting down and abandoning module MacTargetPlatform (71)
[2017.06.20-15.41.53:555][240]LogModuleManager: Shutting down and abandoning module MacServerTargetPlatform (69)
[2017.06.20-15.41.53:555][240]LogModuleManager: Shutting down and abandoning module MacNoEditorTargetPlatform (67)
[2017.06.20-15.41.53:555][240]LogModuleManager: Shutting down and abandoning module MacClientTargetPlatform (65)
[2017.06.20-15.41.53:555][240]LogModuleManager: Shutting down and abandoning module AllDesktopTargetPlatform (63)
[2017.06.20-15.41.53:555][240]LogModuleManager: Shutting down and abandoning module InputCore (60)
[2017.06.20-15.41.53:555][240]LogModuleManager: Shutting down and abandoning module Settings (58)
[2017.06.20-15.41.53:556][240]LogModuleManager: Shutting down and abandoning module OculusRift (56)
[2017.06.20-15.41.53:563][240]LogModuleManager: Shutting down and abandoning module GearVRController (54)
[2017.06.20-15.41.53:563][240]LogModuleManager: Shutting down and abandoning module GearVR (52)
[2017.06.20-15.41.53:577][240]LogModuleManager: Shutting down and abandoning module ExampleDeviceProfileSelector (50)
[2017.06.20-15.41.53:577][240]LogModuleManager: Shutting down and abandoning module OnlineBlueprintSupport (48)
[2017.06.20-15.41.53:577][240]LogModuleManager: Shutting down and abandoning module OnlineSubsystem (44)
[2017.06.20-15.41.53:577][240]LogOnline:Display: Unloading online subsystem: NULL
[2017.06.20-15.41.53:594][240]LogModuleManager: Shutting down and abandoning module XMPP (43)
[2017.06.20-15.41.53:603][240]LogModuleManager: Shutting down and abandoning module HTTP (41)
[2017.06.20-15.41.53:603][240]LogHttp:Display: Http module shutting down, but needs to wait on 1 outstanding Http requests:
[2017.06.20-15.41.53:610][240]LogHttp:Display: 	verb=[POST] url=[https://datarouter.ol.epicgames.com/datarouter/api/v1/public/data?SessionID=%7B780CCD5E-46EF-58D9-3356-F387FA9FBD34%7D&AppID=UEEditor.Rocket.Release&AppVersion=4.16.1-3466753%2B%2B%2BUE4%2BRelease-4.16&UserID=c5296d394379aeaaa2ec4e9ba4e5b1a5%7Cb1a04c446d3e4eaa8f76690b72523e45%7Cd6c4f858-c92c-4e48-8a34-90f5a0c3c691&AppEnvironment=datacollector-binary&UploadType=eteventstream] status=Processing
[2017.06.20-15.41.53:628][240]LogModuleManager: Shutting down and abandoning module SSL (40)
[2017.06.20-15.41.53:641][240]LogModuleManager: Shutting down and abandoning module HTTPChunkInstaller (36)
[2017.06.20-15.41.53:654][240]LogModuleManager: Shutting down and abandoning module AnimationModifiers (34)
[2017.06.20-15.41.53:659][240]LogModuleManager: Shutting down and abandoning module PropertyEditor (33)
[2017.06.20-15.41.53:659][240]LogModuleManager: Shutting down and abandoning module AudioEditor (30)
[2017.06.20-15.41.53:659][240]LogModuleManager: Shutting down and abandoning module TextureCompressor (28)
[2017.06.20-15.41.53:659][240]LogModuleManager: Shutting down and abandoning module ShaderCore (26)
[2017.06.20-15.41.53:659][240]LogModuleManager: Shutting down and abandoning module Landscape (24)
[2017.06.20-15.41.53:659][240]LogModuleManager: Shutting down and abandoning module SlateRHIRenderer (22)
[2017.06.20-15.41.53:678][240]LogModuleManager: Shutting down and abandoning module OpenGLDrv (20)
[2017.06.20-15.41.53:696][240]LogModuleManager: Shutting down and abandoning module D3D11RHI (18)
[2017.06.20-15.41.53:696][240]LogModuleManager: Shutting down and abandoning module AnimGraphRuntime (16)
[2017.06.20-15.41.53:706][240]LogModuleManager: Shutting down and abandoning module Renderer (14)
[2017.06.20-15.41.53:706][240]LogModuleManager: Shutting down and abandoning module Engine (12)
[2017.06.20-15.41.53:706][240]LogModuleManager: Shutting down and abandoning module CoreUObject (10)
[2017.06.20-15.41.53:706][240]LogModuleManager: Shutting down and abandoning module NetworkFile (8)
[2017.06.20-15.41.53:706][240]LogModuleManager: Shutting down and abandoning module StreamingFile (6)
[2017.06.20-15.41.53:706][240]LogModuleManager: Shutting down and abandoning module SandboxFile (4)
[2017.06.20-15.41.53:706][240]LogModuleManager: Shutting down and abandoning module PakFile (2)
[2017.06.20-15.41.53:708][240]LogExit: Exiting.
[2017.06.20-15.41.53:726][240]Log file closed, 06/20/17 12:41:53
