Log file open, 06/14/17 09:27:42
LogInit:Display: Running engine for game: pinball_jesus
LogPlatformFile: Not using cached read wrapper
LogInit:Display: RandInit(-579170801) SRandInit(-579170801).
LogTaskGraph: Started task graph with 5 named threads and 8 total threads with 1 sets of task threads.
LogStats: Stats thread started at 0.106467
LogInit: Using libcurl 7.47.1
LogInit:  - built for x86_64-pc-win32
LogInit:  - supports SSL with OpenSSL/1.0.2g
LogInit:  - supports HTTP deflate (compression) using libz 1.2.8
LogInit:  - other features:
LogInit:      CURL_VERSION_SSL
LogInit:      CURL_VERSION_LIBZ
LogInit:      CURL_VERSION_IPV6
LogInit:      CURL_VERSION_ASYNCHDNS
LogInit:      CURL_VERSION_LARGEFILE
LogInit:      CURL_VERSION_IDN
LogInit:  CurlRequestOptions (configurable via config and command line):
LogInit:  - bVerifyPeer = false  - Libcurl will NOT verify peer certificate
LogInit:  - bUseHttpProxy = false  - Libcurl will NOT use HTTP proxy
LogInit:  - bDontReuseConnections = false  - Libcurl will reuse connections
LogInit:  - CertBundlePath = nullptr  - Libcurl will use whatever was configured at build time.
LogInit: Build: ++UE4+Release-4.16-CL-3466753
LogInit: Engine Version: 4.16.1-3466753+++UE4+Release-4.16
LogInit: Compatible Engine Version: 4.16.0-3452394+++UE4+Release-4.16
LogInit: Net CL: 3452394
LogDevObjectVersion: Number of dev versions registered: 16
LogDevObjectVersion:   Dev-Blueprints (B0D832E4-1F89-4F0D-ACCF-7EB736FD4AA2): 9
LogDevObjectVersion:   Dev-Build (E1C64328-A22C-4D53-A36C-8E866417BD8C): 0
LogDevObjectVersion:   Dev-Core (375EC13C-06E4-48FB-B500-84F0262A717E): 2
LogDevObjectVersion:   Dev-Editor (E4B068ED-F494-42E9-A231-DA0B2E46BB41): 17
LogDevObjectVersion:   Dev-Framework (CFFC743F-43B0-4480-9391-14DF171D2073): 23
LogDevObjectVersion:   Dev-Mobile (B02B49B5-BB20-44E9-A304-32B752E40360): 0
LogDevObjectVersion:   Dev-Networking (A4E4105C-59A1-49B5-A7C5-40C4547EDFEE): 0
LogDevObjectVersion:   Dev-Online (39C831C9-5AE6-47DC-9A44-9C173E1C8E7C): 0
LogDevObjectVersion:   Dev-Physics (78F01B33-EBEA-4F98-B9B4-84EACCB95AA2): 0
LogDevObjectVersion:   Dev-Platform (6631380F-2D4D-43E0-8009-CF276956A95A): 0
LogDevObjectVersion:   Dev-Rendering (12F88B9F-8875-4AFC-A67C-D90C383ABD29): 15
LogDevObjectVersion:   Dev-Sequencer (7B5AE74C-D270-4C10-A958-57980B212A5A): 4
LogDevObjectVersion:   Dev-VR (D7296918-1DD6-4BDD-9DE2-64A83CC13884): 0
LogDevObjectVersion:   Dev-LoadTimes (C2A15278-BFE7-4AFE-6C17-90FF531DF755): 1
LogDevObjectVersion:   Private-Geometry (6EACA3D4-40EC-4CC1-B786-8BED09428FC5): 1
LogDevObjectVersion:   Dev-AnimPhys (29E575DD-E0A3-4627-9D10-D276232CDCEA): 3
LogInit: Compiled (64-bit): May 31 2017 02:03:30
LogInit: Compiled with Visual C++: 19.00.24215.01
LogInit: Build Configuration: Development
LogInit: Branch Name: ++UE4+Release-4.16
LogInit: Command line: -EpicPortal 
LogInit: Base directory: C:/Program Files/Epic Games/UE_4.16/Engine/Binaries/Win64/
LogInit: Installed Engine Build: 1
LogInit: Presizing for max 8388607 objects, including 0 objects not considered by GC, pre-allocating 0 bytes for permanent pool.
LogInit: Object subsystem initialized
[2017.06.14-12.27.42:764][  0]LogInit: Selected Device Profile: [Windows]
[2017.06.14-12.27.42:764][  0]LogInit: Applying CVar settings loaded from the selected device profile: [Windows]
[2017.06.14-12.27.42:790][  0]LogInit: Computer: MRPOPO-HP
[2017.06.14-12.27.42:790][  0]LogInit: User: jesus
[2017.06.14-12.27.42:790][  0]LogInit: CPU Page size=4096, Cores=4
[2017.06.14-12.27.42:790][  0]LogInit: High frequency timer resolution =3.312656 MHz
[2017.06.14-12.27.42:791][  0]LogMemory: Memory total: Physical=7.9GB (8GB approx)
[2017.06.14-12.27.42:791][  0]LogMemory: Platform Memory Stats for Windows
[2017.06.14-12.27.42:791][  0]LogMemory: Process Physical Memory: 272.14 MB used, 272.14 MB peak
[2017.06.14-12.27.42:791][  0]LogMemory: Process Virtual Memory: 261.04 MB used, 261.04 MB peak
[2017.06.14-12.27.42:791][  0]LogMemory: Physical Memory: 4736.13 MB used,  3367.41 MB free, 8103.53 MB total
[2017.06.14-12.27.42:791][  0]LogMemory: Virtual Memory: 638.67 MB used,  3367.41 MB free, 134217728.00 MB total
[2017.06.14-12.27.42:877][  0]LogInit: Overriding language with editor language configuration option (en).
[2017.06.14-12.27.42:877][  0]LogInit: Overriding locale with editor locale configuration option (en).
[2017.06.14-12.27.44:083][  0]LogD3D11RHI: D3D11 adapters:
[2017.06.14-12.27.44:089][  0]LogD3D11RHI:    0. 'Intel(R) HD Graphics 4600' (Feature Level 11_0)
[2017.06.14-12.27.44:089][  0]LogD3D11RHI:       112/0/2048 MB DedicatedVideo/DedicatedSystem/SharedSystem, Outputs:2, VendorId:0x8086
[2017.06.14-12.27.44:093][  0]LogD3D11RHI:    1. 'Microsoft Basic Render Driver' (Feature Level 11_0)
[2017.06.14-12.27.44:093][  0]LogD3D11RHI:       0/0/4051 MB DedicatedVideo/DedicatedSystem/SharedSystem, Outputs:0, VendorId:0x1414
[2017.06.14-12.27.44:093][  0]LogD3D11RHI: Chosen D3D11 Adapter: 0
[2017.06.14-12.27.44:100][  0]LogD3D11RHI: Creating new Direct3DDevice
[2017.06.14-12.27.44:101][  0]LogD3D11RHI:     GPU DeviceId: 0x412 (for the marketing name, search the web for "GPU Device Id")
[2017.06.14-12.27.44:101][  0]LogWindows: EnumDisplayDevices:
[2017.06.14-12.27.44:101][  0]LogWindows:    0. 'Intel(R) HD Graphics 4600' (P:1 D:1)
[2017.06.14-12.27.44:101][  0]LogWindows:    1. 'Intel(R) HD Graphics 4600' (P:0 D:1)
[2017.06.14-12.27.44:101][  0]LogWindows:    2. 'Intel(R) HD Graphics 4600' (P:0 D:0)
[2017.06.14-12.27.44:101][  0]LogWindows: DebugString: FoundDriverCount:3 
[2017.06.14-12.27.44:101][  0]LogD3D11RHI:     Adapter Name: Intel(R) HD Graphics 4600
[2017.06.14-12.27.44:101][  0]LogD3D11RHI:   Driver Version: 20.19.15.4568 (internal:20.19.15.4568, unified:20.19.15.4568)
[2017.06.14-12.27.44:101][  0]LogD3D11RHI:      Driver Date: 12-16-2016
[2017.06.14-12.27.44:101][  0]LogRHI: Texture pool is 795 MB (70% of 1136 MB)
[2017.06.14-12.27.44:106][  0]LogD3D11RHI: Async texture creation enabled
[2017.06.14-12.27.44:113][  0]LogD3D11RHI: GPU Timing Frequency: 12.500000 (Debug: 2 0)
[2017.06.14-12.27.44:114][  0]LogShaderCompilers: Guid format shader working directory is -24 characters bigger than the processId version (../../../../../../Users/jesus/Documents/Unreal Projects/pinball_jesus/Intermediate/Shaders/WorkingDirectory/31624/).
[2017.06.14-12.27.44:114][  0]LogShaderCompilers: Cleaned the shader compiler working directory 'C:/Users/jesus/AppData/Local/Temp/UnrealShaderWorkingDir/7A9993E54D4CAAB4C5C186BE618E1A18/'.
[2017.06.14-12.27.44:114][  0]LogShaderCompilers:Display: Using Local Shader Compiler.
[2017.06.14-12.27.45:363][  0]LogTemp:Display: Loaded TP AllDesktopTargetPlatform
[2017.06.14-12.27.45:426][  0]LogTemp:Display: Loaded TP MacClientTargetPlatform
[2017.06.14-12.27.45:498][  0]LogTemp:Display: Loaded TP MacNoEditorTargetPlatform
[2017.06.14-12.27.45:561][  0]LogTemp:Display: Loaded TP MacServerTargetPlatform
[2017.06.14-12.27.45:628][  0]LogTemp:Display: Loaded TP MacTargetPlatform
[2017.06.14-12.27.45:688][  0]LogTemp:Display: Loaded TP WindowsClientTargetPlatform
[2017.06.14-12.27.45:757][  0]LogTemp:Display: Loaded TP WindowsNoEditorTargetPlatform
[2017.06.14-12.27.45:825][  0]LogTemp:Display: Loaded TP WindowsServerTargetPlatform
[2017.06.14-12.27.45:884][  0]LogTemp:Display: Loaded TP WindowsTargetPlatform
[2017.06.14-12.27.46:137][  0]LogTemp:Display: Loaded TP AndroidTargetPlatform
[2017.06.14-12.27.46:519][  0]LogTemp:Display: Loaded TP Android_ASTCTargetPlatform
[2017.06.14-12.27.46:601][  0]LogTemp:Display: Loaded TP Android_ATCTargetPlatform
[2017.06.14-12.27.46:684][  0]LogTemp:Display: Loaded TP Android_DXTTargetPlatform
[2017.06.14-12.27.46:783][  0]LogTemp:Display: Loaded TP Android_ETC1TargetPlatform
[2017.06.14-12.27.46:882][  0]LogTemp:Display: Loaded TP Android_ETC2TargetPlatform
[2017.06.14-12.27.47:059][  0]LogTemp:Display: Loaded TP Android_MultiTargetPlatform
[2017.06.14-12.27.47:060][  0]LogTemp:Display: Loaded TP Android_PVRTCTargetPlatform
[2017.06.14-12.27.47:111][  0]LogTemp:Display: Loaded TP HTML5TargetPlatform
[2017.06.14-12.27.47:224][  0]LogTemp:Display: Loaded TP IOSTargetPlatform
[2017.06.14-12.27.47:272][  0]LogTemp:Display: Loaded TP TVOSTargetPlatform
[2017.06.14-12.27.47:348][  0]LogTemp:Display: Loaded TP LinuxClientTargetPlatform
[2017.06.14-12.27.47:416][  0]LogTemp:Display: Loaded TP LinuxNoEditorTargetPlatform
[2017.06.14-12.27.47:505][  0]LogTemp:Display: Loaded TP LinuxServerTargetPlatform
[2017.06.14-12.27.47:585][  0]LogTemp:Display: Loaded TP LinuxTargetPlatform
[2017.06.14-12.27.47:585][  0]LogTargetPlatformManager:Display: Building Assets For Windows
[2017.06.14-12.27.48:266][  0]LogDerivedDataCache:Display: Max Cache Size: 512 MB
[2017.06.14-12.27.48:436][  0]LogDerivedDataCache: Loaded boot cache 0.17s 90MB C:/Users/jesus/AppData/Local/UnrealEngine/4.16/DerivedDataCache/Boot.ddc.
[2017.06.14-12.27.48:436][  0]LogDerivedDataCache:Display: Loaded Boot cache: C:/Users/jesus/AppData/Local/UnrealEngine/4.16/DerivedDataCache/Boot.ddc
[2017.06.14-12.27.48:437][  0]LogDerivedDataCache: FDerivedDataBackendGraph:  Pak pak cache file ../../../../../../Users/jesus/Documents/Unreal Projects/pinball_jesus/DerivedDataCache/DDC.ddp not found, will not use a pak cache.
[2017.06.14-12.27.48:437][  0]LogDerivedDataCache: Unable to find inner node Pak for hierarchical cache Hierarchy.
[2017.06.14-12.27.48:437][  0]LogDerivedDataCache: FDerivedDataBackendGraph:  CompressedPak pak cache file ../../../../../../Users/jesus/Documents/Unreal Projects/pinball_jesus/DerivedDataCache/Compressed.ddp not found, will not use a pak cache.
[2017.06.14-12.27.48:437][  0]LogDerivedDataCache: Unable to find inner node CompressedPak for hierarchical cache Hierarchy.
[2017.06.14-12.27.48:461][  0]LogDerivedDataCache:Display: Pak cache opened for reading ../../../Engine/DerivedDataCache/Compressed.ddp.
[2017.06.14-12.27.48:473][  0]LogDerivedDataCache: Using Local data cache path C:/Users/jesus/AppData/Local/UnrealEngine/Common/DerivedDataCache: Writable
[2017.06.14-12.27.48:485][  0]LogMaterial: Verifying Global Shaders for PCD3D_SM5
[2017.06.14-12.27.48:485][  0]LogSlate: Using Freetype 2.6.0
[2017.06.14-12.27.48:486][  0]LogSlate: SlateFontCache - WITH_FREETYPE: 1, WITH_HARFBUZZ: 1
[2017.06.14-12.27.48:486][  0]LogSlate: SlateFontCache - WITH_FREETYPE: 1, WITH_HARFBUZZ: 1
[2017.06.14-12.27.48:904][  0]LogInit: Selected Device Profile: [Windows]
[2017.06.14-12.27.49:055][  0]LogContentStreaming: Texture pool size is 0.00 MB
[2017.06.14-12.27.49:256][  0]LogMeshUtilities: Using QuadricMeshReduction for automatic static mesh reduction
[2017.06.14-12.27.49:313][  0]LogSimplygon: Simplygon DLL not present - disabling.
[2017.06.14-12.27.49:376][  0]LogMeshUtilities: Using SimplygonSwarm for distributed automatic mesh merging
[2017.06.14-12.27.49:376][  0]LogMeshUtilities: No automatic skeletal mesh reduction module available
[2017.06.14-12.27.49:376][  0]LogMeshUtilities: No automatic mesh merging module available
[2017.06.14-12.27.50:143][  0]LogNetVersion: pinball_jesus , NetCL: 3452394, EngineNetVer: 2, GameNetVer: 0 (Checksum: 2802783314)
[2017.06.14-12.27.50:218][  0]LogAssetRegistry: FAssetRegistry took 0.0261 seconds to start up
[2017.06.14-12.27.50:280][  0]LogPackageLocalizationCache: Processed 4 localized package path(s) for 1 prioritized culture(s) in 0.031927 seconds
[2017.06.14-12.27.50:291][  0]LogUObjectArray: 34194 objects as part of root set at end of initial load.
[2017.06.14-12.27.50:291][  0]LogUObjectAllocator: 7260416 out of 0 bytes used by permanent object pool.
[2017.06.14-12.27.50:291][  0]LogUObjectArray: CloseDisregardForGC: 0/0 objects in disregard for GC pool
[2017.06.14-12.27.50:369][  0]LogInit: WinSock: version 1.1 (2.2), MaxSocks=32767, MaxUdp=65467
[2017.06.14-12.27.53:434][  0]LogTcpMessaging: Initializing TcpMessaging bridge
[2017.06.14-12.27.53:484][  0]LogUdpMessaging: Initializing bridge on interface 0.0.0.0:0 to multicast group 230.0.0.1:6666.
[2017.06.14-12.27.54:179][  0]LogMaterial: Uniform references updated for custom material expression Custom.
[2017.06.14-12.27.54:699][  0]SourceControl: Info Source control is disabled
[2017.06.14-12.27.54:746][  0]SourceControl: Info Source control is disabled
[2017.06.14-12.27.54:809][  0]SourceControl: Info Source control is disabled
[2017.06.14-12.27.54:869][  0]SourceControl: Info Source control is disabled
[2017.06.14-12.27.55:765][  0]LogAndroidPermission: UAndroidPermissionCallbackProxy::GetInstance
[2017.06.14-12.27.56:551][  0]LogEngine: Initializing Engine...
[2017.06.14-12.27.56:551][  0]LogHMD: Failed to initialize OpenVR with code 110
[2017.06.14-12.27.56:836][  0]LogStats: UGameplayTagsManager::ConstructGameplayTagTree: Construct from data asset -  0.000 s
[2017.06.14-12.27.56:836][  0]LogStats: UGameplayTagsManager::ConstructGameplayTagTree: GameplayTagTreeChangedEvent.Broadcast -  0.000 s
[2017.06.14-12.27.57:013][  0]LogAIModule: Creating AISystem for world Untitled
[2017.06.14-12.27.57:019][  0]LogInit: XAudio2 using 'Speakers (Realtek High Definition Audio)' : 2 channels at 48 kHz using 32 bits per sample (channel mask 0x3)
[2017.06.14-12.27.57:040][  0]LogInit: FAudioDevice initialized.
[2017.06.14-12.27.57:116][  0]LogDerivedDataCache: Saved boot cache 0.08s 90MB C:/Users/jesus/AppData/Local/UnrealEngine/4.16/DerivedDataCache/Boot.ddc.
[2017.06.14-12.27.57:134][  0]LogInit: Texture streaming: Enabled
[2017.06.14-12.27.57:258][  0]LogEngineSessionManager: EngineSessionManager initialized
[2017.06.14-12.27.57:533][  0]LogInit: Transaction tracking system initialized
[2017.06.14-12.27.57:929][  0]BlueprintLog: New page: Editor Load
[2017.06.14-12.27.59:256][  0]LocalizationService: Info Localization service is disabled
[2017.06.14-12.28.00:531][  0]LogConsoleResponse:Display: 
[2017.06.14-12.28.00:826][  0]LogCook:Display: Max memory allowance for cook 16384mb min free memory 0mb
[2017.06.14-12.28.00:826][  0]LogCook:Display: Mobile HDR setting 1
[2017.06.14-12.28.01:232][  0]LogFileCache: Scanning file cache for directory 'C:/Users/jesus/Documents/Unreal Projects/pinball_jesus/Content/' took 0.02s
[2017.06.14-12.28.02:729][  0]SourceControl: Info Source control is disabled
[2017.06.14-12.28.02:729][  0]Cmd: MAP LOAD FILE="../../../Engine/Content/Maps/Templates/Template_Default.umap" TEMPLATE=1 SHOWPROGRESS=1 FEATURELEVEL=3
[2017.06.14-12.28.02:730][  0]LightingResults: New page: Lighting Build
[2017.06.14-12.28.02:837][  0]MapCheck: New page: Map Check
[2017.06.14-12.28.02:838][  0]LightingResults: New page: Lighting Build
[2017.06.14-12.28.03:071][  0]LogAIModule: Creating AISystem for world Untitled_1
[2017.06.14-12.28.03:073][  0]LogActorComponent: RegisterComponentWithWorld: (/Temp/Untitled_1.Untitled_1:PersistentLevel.WorldSettings_1.StaticMeshComponent0) Trying to register component with IsPendingKill() == true. Aborting.
[2017.06.14-12.28.03:078][  0]LogEditorServer: Finished looking for orphan Actors (0.000 secs)
[2017.06.14-12.28.03:103][  0]Cmd: MAP CHECKDEP NOCLEARLOG
[2017.06.14-12.28.03:163][  0]MapCheck: Info Map check complete: 0 Error(s), 0 Warning(s), took 59.766ms to complete.
[2017.06.14-12.28.03:163][  0]LogFileHelpers: Loading map 'Template_Default' took 0.434
[2017.06.14-12.28.03:679][  0]LogCollectionManager: Loaded 0 collections in 0.002618 seconds
[2017.06.14-12.28.03:985][  0]LogFileCache: Scanning file cache for directory 'C:/Users/jesus/Documents/Unreal Projects/pinball_jesus/Saved/Collections/' took 0.01s
[2017.06.14-12.28.03:985][  0]LogFileCache: Scanning file cache for directory 'C:/Users/jesus/Documents/Unreal Projects/pinball_jesus/Content/Developers/jesus/Collections/' took 0.01s
[2017.06.14-12.28.03:985][  0]LogFileCache: Scanning file cache for directory 'C:/Users/jesus/Documents/Unreal Projects/pinball_jesus/Content/Collections/' took 0.01s
[2017.06.14-12.28.03:985][  0]LogCollectionManager: Rebuilt the GUID cache for 0 collections in 0.000014 seconds
[2017.06.14-12.28.03:999][  0]LogContentBrowser: Native class hierarchy populated in 0.0106 seconds. Added 2329 classes and 491 folders.
[2017.06.14-12.28.04:228][  0]LogContentBrowser: Native class hierarchy updated for 'WidgetCarousel' in 0.0008 seconds. Added 0 classes and 0 folders.
[2017.06.14-12.28.06:016][  0]LogContentBrowser: Native class hierarchy updated for 'AddContentDialog' in 0.0006 seconds. Added 0 classes and 0 folders.
[2017.06.14-12.28.06:166][  0]LogContentBrowser: Native class hierarchy updated for 'SceneOutliner' in 0.0005 seconds. Added 1 classes and 2 folders.
[2017.06.14-12.28.06:866][  0]LogCrashTracker: Crashtracker disabled due to settings.
[2017.06.14-12.28.06:942][  0]LogSlate: Took 0.000231 seconds to synchronously load lazily loaded font '../../../Engine/Content/Slate/Fonts/Roboto-Regular.ttf' (155K)
[2017.06.14-12.28.06:944][  0]LogSlate: Took 0.000322 seconds to synchronously load lazily loaded font '../../../Engine/Content/Slate/Fonts/Roboto-Bold.ttf' (160K)
[2017.06.14-12.28.06:982][  0]LogSlate: Took 0.033661 seconds to synchronously load lazily loaded font '../../../Engine/Content/Editor/Slate/Fonts/FontAwesome.ttf' (139K)
[2017.06.14-12.28.07:381][  0]LogRenderer: Reallocating scene render targets to support 1208x576 NumSamples 1 (Frame:1).
[2017.06.14-12.28.08:293][  0]LogUObjectGlobals:Warning: Failed to find object 'Class None.'
[2017.06.14-12.28.08:433][  0]LogContentBrowser: Native class hierarchy updated for 'HierarchicalLODOutliner' in 0.0007 seconds. Added 1 classes and 2 folders.
[2017.06.14-12.28.08:434][  0]LogLoad: (Engine Initialization) Total time: 28.68 seconds
[2017.06.14-12.28.08:434][  0]LogLoad: (Engine Initialization) Total Blueprint compile time: 0.11 seconds
[2017.06.14-12.28.08:434][  0]LogExternalProfiler: Found external profiler: VSPerf
[2017.06.14-12.28.08:434][  0]LogExternalProfiler: Using external profiler: VSPerf
[2017.06.14-12.28.08:773][  0]LogOcInput: OculusInput pre-init called
[2017.06.14-12.28.08:774][  0]LogHMD: Starting GearVRController plugin
[2017.06.14-12.28.08:805][  0]LogContentStreaming: Texture pool size now 600 MB
[2017.06.14-12.28.08:929][  0]LogSlate: Took 0.013204 seconds to synchronously load lazily loaded font '../../../Engine/Content/Slate/Fonts/Roboto-Light.ttf' (159K)
[2017.06.14-12.28.09:111][  1]LogAssetRegistry: Asset discovery search completed in 18.9154 seconds
[2017.06.14-12.28.09:113][  1]LogCollectionManager: Rebuilt the object cache for 0 collections in 0.000002 seconds (found 0 objects)
[2017.06.14-12.28.09:113][  1]LogCollectionManager: Fixed up redirectors for 0 collections in 0.000042 seconds (updated 0 objects)
[2017.06.14-12.28.09:776][  3]LogSlate: Took 0.000260 seconds to synchronously load lazily loaded font '../../../Engine/Content/Slate/Fonts/Roboto-Light.ttf' (159K)
[2017.06.14-12.29.44:243][440]LogSlate: Took 0.000239 seconds to synchronously load lazily loaded font '../../../Engine/Content/Slate/Fonts/Roboto-Light.ttf' (159K)
[2017.06.14-12.29.45:714][440]LogAIModule: Creating AISystem for world tonovideo3
[2017.06.14-12.29.45:724][440]LogSlate: Took 0.000210 seconds to synchronously load lazily loaded font '../../../Engine/Content/Slate/Fonts/Roboto-Regular.ttf' (155K)
[2017.06.14-12.29.45:796][440]Cmd: MAP LOAD FILE="../../../../../../Users/jesus/Documents/Unreal Projects/pinball_jesus/Content/tonovideo3.umap" TEMPLATE=0 SHOWPROGRESS=1 FEATURELEVEL=3
[2017.06.14-12.29.45:796][440]LightingResults: New page: Lighting Build
[2017.06.14-12.29.45:797][440]LoadErrors: New page: Loading map: tonovideo3.umap
[2017.06.14-12.29.45:797][440]MapCheck: New page: Map Check
[2017.06.14-12.29.45:797][440]LightingResults: New page: Lighting Build
[2017.06.14-12.29.45:884][440]LogEditorServer: Finished looking for orphan Actors (0.000 secs)
[2017.06.14-12.29.45:927][440]Cmd: MAP CHECKDEP NOCLEARLOG
[2017.06.14-12.29.45:992][440]MapCheck: Info Map check complete: 0 Error(s), 0 Warning(s), took 64.532ms to complete.
[2017.06.14-12.29.45:993][440]LogFileHelpers: Loading map 'tonovideo3' took 0.199
[2017.06.14-12.44.17:076][815]LogTemp: Repeting last play command: Selected Viewport
[2017.06.14-12.44.17:480][815]LogPlayLevel: PlayLevel: No blueprints needed recompiling
[2017.06.14-12.44.17:498][815]PIE: New page: PIE session: tonovideo3 (Jun 14, 2017, 6:44:17 AM)
[2017.06.14-12.44.17:498][815]LogPlayLevel: Creating play world package: /Game/UEDPIE_0_tonovideo3
[2017.06.14-12.44.17:673][815]LogPlayLevel: PIE: StaticDuplicateObject took: (0.175495s)
[2017.06.14-12.44.17:674][815]LogAIModule: Creating AISystem for world tonovideo3
[2017.06.14-12.44.17:674][815]LogPlayLevel: PIE: World Init took: (0.000823s)
[2017.06.14-12.44.17:674][815]LogPlayLevel: PIE: Created PIE world by copying editor world from /Game/tonovideo3.tonovideo3 to /Game/UEDPIE_0_tonovideo3.tonovideo3 (0.176555s)
[2017.06.14-12.44.17:686][815]LogInit: XAudio2 using 'Speakers (Realtek High Definition Audio)' : 2 channels at 48 kHz using 32 bits per sample (channel mask 0x3)
[2017.06.14-12.44.17:701][815]LogInit: FAudioDevice initialized.
[2017.06.14-12.44.17:793][815]LogLoad: Game class is 'GameModeBase'
[2017.06.14-12.44.17:797][815]LogWorld: Bringing World /Game/UEDPIE_0_tonovideo3.tonovideo3 up for play (max tick rate 0) at 2017.06.14-09.44.17
[2017.06.14-12.44.17:798][815]LogWorld: Bringing up level for play took: 0.001921
[2017.06.14-12.44.17:958][815]LogContentBrowser: Native class hierarchy updated for 'MovieSceneCapture' in 0.0008 seconds. Added 11 classes and 0 folders.
[2017.06.14-12.44.17:978][815]PIE: Info Play in editor start time for /Game/UEDPIE_0_tonovideo3 0.873
[2017.06.14-12.46.46:870][702]LogEditorViewport: Clicking on Actor (LMB): Bp_Bumper_C (Bp_Bumper4)
[2017.06.14-12.46.47:666][750]Cmd: DELETE
[2017.06.14-12.46.47:666][750]Cmd: ACTOR DELETE
[2017.06.14-12.46.47:853][750]LogEditorActor: Deleted Actor: Bp_Bumper_C
[2017.06.14-12.46.47:878][750]LogEditorActor: Deleted 1 Actors (0.027 secs)
[2017.06.14-12.46.48:835][832]LogEditorViewport: Clicking on Actor (LMB): Bp_Bumper_C (Bp_Bumper3)
[2017.06.14-12.46.49:137][845]Cmd: DELETE
[2017.06.14-12.46.49:137][845]Cmd: ACTOR DELETE
[2017.06.14-12.46.49:138][845]LogEditorActor: Deleted Actor: Bp_Bumper_C
[2017.06.14-12.46.49:153][845]LogEditorActor: Deleted 1 Actors (0.016 secs)
[2017.06.14-12.46.50:642][971]LogEditorViewport: Clicking on Actor (LMB): Bp_Bumper_C (Bp_Bumper7)
[2017.06.14-12.46.51:530][ 26]LogEditorViewport: Clicking on Actor (LMB): Bp_Bumper_C (Bp_Bumper2)
[2017.06.14-12.46.54:098][167]LogEditorViewport: Clicking on Actor (LMB): Bp_Bumper_C (Bp_Bumper5)
[2017.06.14-12.46.59:389][509]LogTemp: Repeting last play command: Selected Viewport
[2017.06.14-12.46.59:414][509]LogPlayLevel: PlayLevel: No blueprints needed recompiling
[2017.06.14-12.46.59:414][509]PIE: New page: PIE session: tonovideo3 (Jun 14, 2017, 6:46:59 AM)
[2017.06.14-12.46.59:414][509]LogPlayLevel: Creating play world package: /Game/UEDPIE_0_tonovideo3
[2017.06.14-12.46.59:612][509]LogPlayLevel: PIE: StaticDuplicateObject took: (0.198070s)
[2017.06.14-12.46.59:612][509]LogAIModule: Creating AISystem for world tonovideo3
[2017.06.14-12.46.59:613][509]LogPlayLevel: PIE: World Init took: (0.000654s)
[2017.06.14-12.46.59:613][509]LogPlayLevel: PIE: Created PIE world by copying editor world from /Game/tonovideo3.tonovideo3 to /Game/UEDPIE_0_tonovideo3.tonovideo3 (0.198957s)
[2017.06.14-12.46.59:644][509]LogInit: XAudio2 using 'Speakers (Realtek High Definition Audio)' : 2 channels at 48 kHz using 32 bits per sample (channel mask 0x3)
[2017.06.14-12.46.59:658][509]LogInit: FAudioDevice initialized.
[2017.06.14-12.46.59:694][509]LogLoad: Game class is 'GameModeBase'
[2017.06.14-12.46.59:697][509]LogWorld: Bringing World /Game/UEDPIE_0_tonovideo3.tonovideo3 up for play (max tick rate 0) at 2017.06.14-09.46.59
[2017.06.14-12.46.59:697][509]LogWorld: Bringing up level for play took: 0.002228
[2017.06.14-12.46.59:698][509]PIE: Info Play in editor start time for /Game/UEDPIE_0_tonovideo3 0.591
[2017.06.14-12.47.05:260][767]LogEditorViewport: Clicking on Actor (LMB): Bp_Bumper_C (Bp_Bumper2)
[2017.06.14-12.47.08:237][934]LogEditorViewport: Clicking on Actor (LMB): Bp_Bumper_C (Bp_Bumper7)
[2017.06.14-12.47.13:328][222]LogTemp: Repeting last play command: Selected Viewport
[2017.06.14-12.47.13:347][222]LogPlayLevel: PlayLevel: No blueprints needed recompiling
[2017.06.14-12.47.13:347][222]PIE: New page: PIE session: tonovideo3 (Jun 14, 2017, 6:47:13 AM)
[2017.06.14-12.47.13:347][222]LogPlayLevel: Creating play world package: /Game/UEDPIE_0_tonovideo3
[2017.06.14-12.47.13:369][222]LogPlayLevel: PIE: StaticDuplicateObject took: (0.021703s)
[2017.06.14-12.47.13:369][222]LogAIModule: Creating AISystem for world tonovideo3
[2017.06.14-12.47.13:369][222]LogPlayLevel: PIE: World Init took: (0.000573s)
[2017.06.14-12.47.13:370][222]LogPlayLevel: PIE: Created PIE world by copying editor world from /Game/tonovideo3.tonovideo3 to /Game/UEDPIE_0_tonovideo3.tonovideo3 (0.022463s)
[2017.06.14-12.47.13:381][222]LogInit: XAudio2 using 'Speakers (Realtek High Definition Audio)' : 2 channels at 48 kHz using 32 bits per sample (channel mask 0x3)
[2017.06.14-12.47.13:395][222]LogInit: FAudioDevice initialized.
[2017.06.14-12.47.13:429][222]LogLoad: Game class is 'GameModeBase'
[2017.06.14-12.47.13:431][222]LogWorld: Bringing World /Game/UEDPIE_0_tonovideo3.tonovideo3 up for play (max tick rate 0) at 2017.06.14-09.47.13
[2017.06.14-12.47.13:431][222]LogWorld: Bringing up level for play took: 0.001148
[2017.06.14-12.47.13:432][222]PIE: Info Play in editor start time for /Game/UEDPIE_0_tonovideo3 0.325
[2017.06.14-12.47.42:164][974]LogSlate: Took 0.042557 seconds to synchronously load lazily loaded font '../../../Engine/Content/Editor/Slate/Fonts/Roboto-Italic.ttf' (157K)
[2017.06.14-12.48.02:003][ 13]LogEditorViewport: Clicking on Actor (LMB): flipper_C (flipper2)
[2017.06.14-12.48.33:840][549]LogEditorViewport: Clicking on Actor (LMB): flipper_C (flipper)
[2017.06.14-12.48.34:771][616]LogEditorViewport: Clicking on Actor (LMB): flipper_C (flipper2)
[2017.06.14-12.48.37:310][689]LogContentBrowser: Native class hierarchy updated for 'BlueprintGraph' in 0.0014 seconds. Added 112 classes and 0 folders.
[2017.06.14-12.48.39:024][689]LogSlate: Took 0.034804 seconds to synchronously load lazily loaded font '../../../Engine/Content/Editor/Slate/Fonts/Roboto-BoldCondensed.ttf' (158K)
[2017.06.14-12.49.31:882][200]BlueprintLog: New page: Compile flipper
[2017.06.14-12.49.40:863][801]LogEditorViewport: Clicking on Actor (LMB): flipper_C (flipper2)
[2017.06.14-12.49.42:803][944]LogEditorViewport: Clicking on Actor (LMB): flipper_C (flipper)
[2017.06.14-12.49.44:005][ 36]LogEditorViewport: Clicking on Actor (LMB): flipper_C (flipper2)
[2017.06.14-12.50.25:340][987]LogSavePackage: Save=449.28ms
[2017.06.14-12.50.25:340][987]LogSavePackage: Moving '../../../../../../Users/jesus/Documents/Unreal Projects/pinball_jesus/Saved/tonovideo3_Auto13252587545F9B74E67061F88BC323E6B.tmp' to '../../../../../../Users/jesus/Documents/Unreal Projects/pinball_jesus/Saved/Autosaves/Game/tonovideo3_Auto1.umap'
[2017.06.14-12.50.25:378][987]LogSavePackage:Display: Finished SavePackage ../../../../../../Users/jesus/Documents/Unreal Projects/pinball_jesus/Saved/Autosaves/Game/tonovideo3_Auto1.umap
[2017.06.14-12.50.30:052][987]LogFileHelpers: Editor autosave (incl. sublevels) for '/Game/tonovideo3' took 6.530
[2017.06.14-12.50.30:052][987]LogFileHelpers: Editor autosave (incl. sublevels) for all levels took 6.530
[2017.06.14-12.50.30:102][987]OBJ SavePackage: Generating thumbnails for [1] asset(s) in package [/Game/assets/Flipper] ([1] browsable assets)...
[2017.06.14-12.50.30:146][987]OBJ SavePackage:     Rendered thumbnail for [StaticMesh /Game/assets/Flipper.Flipper]
[2017.06.14-12.50.30:146][987]OBJ SavePackage: Finished generating thumbnails for package [/Game/assets/Flipper]
[2017.06.14-12.50.30:330][987]LogSavePackage: Save=145.19ms
[2017.06.14-12.50.30:330][987]LogSavePackage: Moving '../../../../../../Users/jesus/Documents/Unreal Projects/pinball_jesus/Saved/Flipper_Auto1B2894F9041676E738EDF49A8B983834C.tmp' to '../../../../../../Users/jesus/Documents/Unreal Projects/pinball_jesus/Saved/Autosaves/Game/assets/Flipper_Auto1.uasset'
[2017.06.14-12.50.30:331][987]LogSavePackage:Display: Finished SavePackage ../../../../../../Users/jesus/Documents/Unreal Projects/pinball_jesus/Saved/Autosaves/Game/assets/Flipper_Auto1.uasset
[2017.06.14-12.50.30:332][987]OBJ SavePackage: Generating thumbnails for [1] asset(s) in package [/Game/blueprints/flipper] ([1] browsable assets)...
[2017.06.14-12.50.30:353][987]OBJ SavePackage:     Rendered thumbnail for [Blueprint /Game/blueprints/flipper.flipper]
[2017.06.14-12.50.30:353][987]OBJ SavePackage: Finished generating thumbnails for package [/Game/blueprints/flipper]
[2017.06.14-12.50.30:531][987]LogSavePackage: Save=173.06ms
[2017.06.14-12.50.30:532][987]LogSavePackage: Moving '../../../../../../Users/jesus/Documents/Unreal Projects/pinball_jesus/Saved/flipper_Auto11D7ED9B64C89A97E6DC8EF8D4B439FCB.tmp' to '../../../../../../Users/jesus/Documents/Unreal Projects/pinball_jesus/Saved/Autosaves/Game/blueprints/flipper_Auto1.uasset'
[2017.06.14-12.50.30:534][987]LogSavePackage:Display: Finished SavePackage ../../../../../../Users/jesus/Documents/Unreal Projects/pinball_jesus/Saved/Autosaves/Game/blueprints/flipper_Auto1.uasset
[2017.06.14-12.50.30:534][987]LogFileHelpers: Auto-saving content packages took 0.433
[2017.06.14-12.51.45:041][458]Cmd: QUIT_EDITOR
[2017.06.14-12.51.45:671][458]LogWindowsTextInputMethodSystem:Display: IME system now deactivated.
[2017.06.14-12.51.45:746][458]LogExit: Preparing to exit.
[2017.06.14-12.51.46:624][458]LogDirectoryWatcher: A directory notification for 'C:/Users/jesus/Documents/Unreal Projects/pinball_jesus/Content/' was aborted.
[2017.06.14-12.51.46:897][458]LogExit: Editor shut down
[2017.06.14-12.51.46:924][458]LogExit: Transaction tracking system shut down
[2017.06.14-12.51.49:797][458]LogObj: Freed 0b from 0 cluster array pools.
[2017.06.14-12.51.49:797][458]LogExit: Object subsystem successfully closed.
[2017.06.14-12.51.50:257][458]LogD3D11RHI: Shutdown
[2017.06.14-12.51.50:257][458]LogD3D11RHI: CleanupD3DDevice
[2017.06.14-12.51.50:985][458]LogD3D11RHI: ~FD3D11DynamicRHI
[2017.06.14-12.51.51:892][458]LogModuleManager: Shutting down and abandoning module BlueprintGraph (532)
[2017.06.14-12.51.51:892][458]LogModuleManager: Shutting down and abandoning module BlueprintProfiler (530)
[2017.06.14-12.51.51:951][458]LogModuleManager: Shutting down and abandoning module StaticMeshEditor (528)
[2017.06.14-12.51.51:951][458]LogModuleManager: Shutting down and abandoning module MovieSceneCapture (526)
[2017.06.14-12.51.51:951][458]LogModuleManager: Shutting down and abandoning module HierarchicalLODOutliner (524)
[2017.06.14-12.51.51:951][458]LogModuleManager: Shutting down and abandoning module CrashTracker (522)
[2017.06.14-12.51.51:951][458]LogModuleManager: Shutting down and abandoning module SceneOutliner (520)
[2017.06.14-12.51.51:951][458]LogModuleManager: Shutting down and abandoning module AddContentDialog (518)
[2017.06.14-12.51.51:984][458]LogDirectoryWatcher: A directory notification for 'C:/Program Files/Epic Games/UE_4.16/FeaturePacks/' was aborted.
[2017.06.14-12.51.51:993][458]LogModuleManager: Shutting down and abandoning module WidgetCarousel (517)
[2017.06.14-12.51.51:993][458]LogModuleManager: Shutting down and abandoning module EditorWidgets (514)
[2017.06.14-12.51.51:993][458]LogModuleManager: Shutting down and abandoning module CollectionManager (512)
[2017.06.14-12.51.51:994][458]LogDirectoryWatcher: A directory notification for 'C:/Users/jesus/Documents/Unreal Projects/pinball_jesus/Content/Collections/' was aborted.
[2017.06.14-12.51.51:994][458]LogDirectoryWatcher: A directory notification for 'C:/Users/jesus/Documents/Unreal Projects/pinball_jesus/Content/Developers/jesus/Collections/' was aborted.
[2017.06.14-12.51.51:994][458]LogDirectoryWatcher: A directory notification for 'C:/Users/jesus/Documents/Unreal Projects/pinball_jesus/Saved/Collections/' was aborted.
[2017.06.14-12.51.51:994][458]LogModuleManager: Shutting down and abandoning module StatsViewer (510)
[2017.06.14-12.51.52:017][458]LogModuleManager: Shutting down and abandoning module FoliageEdit (508)
[2017.06.14-12.51.52:017][458]LogModuleManager: Shutting down and abandoning module LandscapeEditor (506)
[2017.06.14-12.51.52:030][458]LogModuleManager: Shutting down and abandoning module MeshPaintMode (504)
[2017.06.14-12.51.52:030][458]LogModuleManager: Shutting down and abandoning module SceneDepthPickerMode (502)
[2017.06.14-12.51.52:030][458]LogModuleManager: Shutting down and abandoning module ActorPickerMode (500)
[2017.06.14-12.51.52:030][458]LogModuleManager: Shutting down and abandoning module GeometryMode (498)
[2017.06.14-12.51.52:030][458]LogModuleManager: Shutting down and abandoning module TextureAlignMode (496)
[2017.06.14-12.51.52:030][458]LogModuleManager: Shutting down and abandoning module BspMode (494)
[2017.06.14-12.51.52:030][458]LogModuleManager: Shutting down and abandoning module HardwareSurvey (492)
[2017.06.14-12.51.52:030][458]LogModuleManager: Shutting down and abandoning module SequenceRecorderSections (490)
[2017.06.14-12.51.52:031][458]LogModuleManager: Shutting down and abandoning module AutomationWorker (488)
[2017.06.14-12.51.52:031][458]LogModuleManager: Shutting down and abandoning module MatineeToLevelSequence (486)
[2017.06.14-12.51.52:031][458]LogModuleManager: Shutting down and abandoning module LevelSequenceEditor (484)
[2017.06.14-12.51.52:062][458]LogModuleManager: Shutting down and abandoning module PlacementMode (483)
[2017.06.14-12.51.52:062][458]LogModuleManager: Shutting down and abandoning module WmfMediaFactory (480)
[2017.06.14-12.51.52:062][458]LogModuleManager: Shutting down and abandoning module WmfMediaEditor (478)
[2017.06.14-12.51.52:062][458]LogModuleManager: Shutting down and abandoning module AvfMediaFactory (476)
[2017.06.14-12.51.52:062][458]LogModuleManager: Shutting down and abandoning module AvfMediaEditor (474)
[2017.06.14-12.51.52:062][458]LogModuleManager: Shutting down and abandoning module AndroidMediaFactory (472)
[2017.06.14-12.51.52:062][458]LogModuleManager: Shutting down and abandoning module Media (471)
[2017.06.14-12.51.52:062][458]LogModuleManager: Shutting down and abandoning module AndroidMediaEditor (468)
[2017.06.14-12.51.52:062][458]LogModuleManager: Shutting down and abandoning module CharacterAI (466)
[2017.06.14-12.51.52:062][458]LogModuleManager: Shutting down and abandoning module AudioCapture (464)
[2017.06.14-12.51.52:101][458]LogModuleManager: Shutting down and abandoning module SequenceRecorder (463)
[2017.06.14-12.51.52:111][458]LogModuleManager: Shutting down and abandoning module SmartSnapping (460)
[2017.06.14-12.51.52:111][458]LogModuleManager: Shutting down and abandoning module SessionServices (458)
[2017.06.14-12.51.52:111][458]LogModuleManager: Shutting down and abandoning module ViewportSnapping (456)
[2017.06.14-12.51.52:111][458]LogModuleManager: Shutting down and abandoning module ViewportInteraction (454)
[2017.06.14-12.51.52:111][458]LogModuleManager: Shutting down and abandoning module ClothPainter (452)
[2017.06.14-12.51.52:161][458]LogModuleManager: Shutting down and abandoning module LogVisualizer (450)
[2017.06.14-12.51.52:182][458]LogModuleManager: Shutting down and abandoning module IntroTutorials (448)
[2017.06.14-12.51.52:505][458]LogModuleManager: Shutting down and abandoning module GameProjectGeneration (447)
[2017.06.14-12.51.52:532][458]LogModuleManager: Shutting down and abandoning module EditorLiveStreaming (444)
[2017.06.14-12.51.52:532][458]LogModuleManager: Shutting down and abandoning module IOSPlatformEditor (442)
[2017.06.14-12.51.52:540][458]LogModuleManager: Shutting down and abandoning module HTML5PlatformEditor (440)
[2017.06.14-12.51.52:540][458]LogModuleManager: Shutting down and abandoning module AndroidPlatformEditor (438)
[2017.06.14-12.51.52:540][458]LogModuleManager: Shutting down and abandoning module AndroidDeviceDetection (437)
[2017.06.14-12.51.53:288][458]LogModuleManager: Shutting down and abandoning module IOSRuntimeSettings (434)
[2017.06.14-12.51.53:288][458]LogModuleManager: Shutting down and abandoning module AndroidRuntimeSettings (432)
[2017.06.14-12.51.53:288][458]LogModuleManager: Shutting down and abandoning module InputBindingEditor (430)
[2017.06.14-12.51.53:461][458]LogModuleManager: Shutting down and abandoning module MergeActors (428)
[2017.06.14-12.51.53:641][458]LogModuleManager: Shutting down and abandoning module SizeMap (426)
[2017.06.14-12.51.53:642][458]LogModuleManager: Shutting down and abandoning module TreeMap (424)
[2017.06.14-12.51.53:769][458]LogModuleManager: Shutting down and abandoning module ReferenceViewer (422)
[2017.06.14-12.51.54:271][458]LogModuleManager: Shutting down and abandoning module LocalizationDashboard (420)
[2017.06.14-12.51.54:294][458]LogModuleManager: Shutting down and abandoning module LocalizationService (419)
[2017.06.14-12.51.54:325][458]LogModuleManager: Shutting down and abandoning module HardwareTargeting (416)
[2017.06.14-12.51.54:325][458]LogModuleManager: Shutting down and abandoning module DeviceProfileEditor (414)
[2017.06.14-12.51.54:336][458]LogModuleManager: Shutting down and abandoning module UndoHistory (412)
[2017.06.14-12.51.54:344][458]LogModuleManager: Shutting down and abandoning module UserFeedback (410)
[2017.06.14-12.51.54:344][458]LogModuleManager: Shutting down and abandoning module XmlParser (408)
[2017.06.14-12.51.54:351][458]LogModuleManager: Shutting down and abandoning module Blutility (406)
[2017.06.14-12.51.54:358][458]LogModuleManager: Shutting down and abandoning module ProjectSettingsViewer (404)
[2017.06.14-12.51.54:359][458]LogModuleManager: Shutting down and abandoning module ProjectTargetPlatformEditor (403)
[2017.06.14-12.51.54:359][458]LogModuleManager: Shutting down and abandoning module EditorSettingsViewer (400)
[2017.06.14-12.51.54:359][458]LogModuleManager: Shutting down and abandoning module SettingsEditor (398)
[2017.06.14-12.51.54:435][458]LogModuleManager: Shutting down and abandoning module ProjectLauncher (396)
[2017.06.14-12.51.54:518][458]LogModuleManager: Shutting down and abandoning module SessionFrontend (394)
[2017.06.14-12.51.54:527][458]LogModuleManager: Shutting down and abandoning module ProfilerClient (392)
[2017.06.14-12.51.54:564][458]LogModuleManager: Shutting down and abandoning module DeviceManager (390)
[2017.06.14-12.51.54:573][458]LogModuleManager: Shutting down and abandoning module TargetDeviceServices (389)
[2017.06.14-12.51.54:626][458]LogModuleManager: Shutting down and abandoning module AutomationController (386)
[2017.06.14-12.51.54:823][458]LogModuleManager: Shutting down and abandoning module AutomationWindow (384)
[2017.06.14-12.51.54:892][458]LogModuleManager: Shutting down and abandoning module Layers (382)
[2017.06.14-12.51.54:956][458]LogModuleManager: Shutting down and abandoning module ComponentVisualizers (380)
[2017.06.14-12.51.54:956][458]LogModuleManager: Shutting down and abandoning module DetailCustomizations (378)
[2017.06.14-12.51.54:961][458]LogModuleManager: Shutting down and abandoning module PackagesDialog (376)
[2017.06.14-12.51.54:961][458]LogModuleManager: Shutting down and abandoning module Persona (374)
[2017.06.14-12.51.55:019][458]LogModuleManager: Shutting down and abandoning module AdvancedPreviewScene (373)
[2017.06.14-12.51.55:019][458]LogModuleManager: Shutting down and abandoning module AnimGraph (371)
[2017.06.14-12.51.55:019][458]LogModuleManager: Shutting down and abandoning module Kismet (368)
[2017.06.14-12.51.55:028][458]LogModuleManager: Shutting down and abandoning module ClassViewer (366)
[2017.06.14-12.51.55:028][458]LogModuleManager: Shutting down and abandoning module Toolbox (364)
[2017.06.14-12.51.55:062][458]LogModuleManager: Shutting down and abandoning module ModuleUI (362)
[2017.06.14-12.51.55:079][458]LogModuleManager: Shutting down and abandoning module MovieSceneTools (360)
[2017.06.14-12.51.55:130][458]LogModuleManager: Shutting down and abandoning module OutputLog (358)
[2017.06.14-12.51.55:154][458]LogModuleManager: Shutting down and abandoning module GammaUI (356)
[2017.06.14-12.51.55:165][458]LogModuleManager: Shutting down and abandoning module Documentation (354)
[2017.06.14-12.51.55:165][458]LogModuleManager: Shutting down and abandoning module MovieSceneTracks (352)
[2017.06.14-12.51.55:165][458]LogModuleManager: Shutting down and abandoning module MovieScene (350)
[2017.06.14-12.51.55:165][458]LogModuleManager: Shutting down and abandoning module Niagara (348)
[2017.06.14-12.51.55:165][458]LogModuleManager: Shutting down and abandoning module NiagaraEditor (347)
[2017.06.14-12.51.55:285][458]LogModuleManager: Shutting down and abandoning module StreamingPauseRendering (344)
[2017.06.14-12.51.55:285][458]LogModuleManager: Shutting down and abandoning module AnalyticsET (342)
[2017.06.14-12.51.55:285][458]LogModuleManager: Shutting down and abandoning module PortalServices (340)
[2017.06.14-12.51.55:285][458]LogModuleManager: Shutting down and abandoning module PortalRpc (338)
[2017.06.14-12.51.55:285][458]LogModuleManager: Shutting down and abandoning module MessagingRpc (336)
[2017.06.14-12.51.55:285][458]LogModuleManager: Shutting down and abandoning module AIModule (334)
[2017.06.14-12.51.55:285][458]LogModuleManager: Shutting down and abandoning module GameplayDebugger (333)
[2017.06.14-12.51.55:285][458]LogModuleManager: Shutting down and abandoning module AITestSuite (331)
[2017.06.14-12.51.55:307][458]LogModuleManager: Shutting down and abandoning module ProfilerService (328)
[2017.06.14-12.51.55:404][458]LogModuleManager: Shutting down and abandoning module TaskGraph (326)
[2017.06.14-12.51.55:440][458]LogModuleManager: Shutting down and abandoning module SteamVRController (324)
[2017.06.14-12.51.55:440][458]LogModuleManager: Shutting down and abandoning module SteamVR (322)
[2017.06.14-12.51.55:440][458]LogModuleManager: Shutting down and abandoning module ProceduralMeshComponentEditor (320)
[2017.06.14-12.51.55:448][458]LogModuleManager: Shutting down and abandoning module ProceduralMeshComponent (318)
[2017.06.14-12.51.55:460][458]LogModuleManager: Shutting down and abandoning module OculusLibrary (316)
[2017.06.14-12.51.55:460][458]LogModuleManager: Shutting down and abandoning module OculusInput (314)
[2017.06.14-12.51.55:460][458]LogModuleManager: Shutting down and abandoning module MobilePatchingUtils (312)
[2017.06.14-12.51.55:460][458]LogModuleManager: Shutting down and abandoning module CustomMeshComponent (310)
[2017.06.14-12.51.55:460][458]LogModuleManager: Shutting down and abandoning module CableComponent (308)
[2017.06.14-12.51.55:485][458]LogModuleManager: Shutting down and abandoning module ArchVisCharacter (306)
[2017.06.14-12.51.55:485][458]LogModuleManager: Shutting down and abandoning module AndroidPermission (304)
[2017.06.14-12.51.55:485][458]LogModuleManager: Shutting down and abandoning module MediaPlayerEditor (300)
[2017.06.14-12.51.55:545][458]LogModuleManager: Shutting down and abandoning module HTML5Networking (298)
[2017.06.14-12.51.55:545][458]LogModuleManager: Shutting down and abandoning module AlembicImporter (296)
[2017.06.14-12.51.55:563][458]LogModuleManager: Shutting down and abandoning module AlembicLibrary (295)
[2017.06.14-12.51.55:563][458]LogModuleManager: Shutting down and abandoning module GeometryCache (294)
[2017.06.14-12.51.55:563][458]LogModuleManager: Shutting down and abandoning module GeometryCacheEd (293)
[2017.06.14-12.51.55:563][458]LogModuleManager: Shutting down and abandoning module SuperSearchEditor (288)
[2017.06.14-12.51.55:563][458]LogModuleManager: Shutting down and abandoning module SuperSearch (287)
[2017.06.14-12.51.55:563][458]LogModuleManager: Shutting down and abandoning module SpeedTreeImporter (284)
[2017.06.14-12.51.55:563][458]LogModuleManager: Shutting down and abandoning module PluginBrowser (282)
[2017.06.14-12.51.55:599][458]LogModuleManager: Shutting down and abandoning module MobileLauncherProfileWizard (280)
[2017.06.14-12.51.55:612][458]LogModuleManager: Shutting down and abandoning module VisualStudioSourceCodeAccess (278)
[2017.06.14-12.51.55:613][458]LogModuleManager: Shutting down and abandoning module DesktopPlatform (277)
[2017.06.14-12.51.55:613][458]LogModuleManager: Shutting down and abandoning module UObjectPlugin (274)
[2017.06.14-12.51.55:613][458]LogModuleManager: Shutting down and abandoning module SubversionSourceControl (272)
[2017.06.14-12.51.55:641][458]LogModuleManager: Shutting down and abandoning module PerforceSourceControl (270)
[2017.06.14-12.51.55:657][458]LogModuleManager: Shutting down and abandoning module GitSourceControl (268)
[2017.06.14-12.51.55:674][458]LogModuleManager: Shutting down and abandoning module SourceControl (267)
[2017.06.14-12.51.55:684][458]LogModuleManager: Shutting down and abandoning module LightPropagationVolumeEditor (264)
[2017.06.14-12.51.55:684][458]LogModuleManager: Shutting down and abandoning module PaperTiledImporter (262)
[2017.06.14-12.51.55:684][458]LogModuleManager: Shutting down and abandoning module PaperSpriteSheetImporter (260)
[2017.06.14-12.51.55:684][458]LogModuleManager: Shutting down and abandoning module Paper2DEditor (258)
[2017.06.14-12.51.55:700][458]LogModuleManager: Shutting down and abandoning module MeshPaint (257)
[2017.06.14-12.51.55:738][458]LogModuleManager: Shutting down and abandoning module LevelEditor (255)
[2017.06.14-12.51.55:749][458]LogModuleManager: Shutting down and abandoning module PixelInspectorModule (254)
[2017.06.14-12.51.55:803][458]LogModuleManager: Shutting down and abandoning module MainFrame (252)
[2017.06.14-12.51.55:810][458]LogModuleManager: Shutting down and abandoning module HotReload (251)
[2017.06.14-12.51.55:881][458]LogModuleManager: Shutting down and abandoning module PhysXVehiclesEditor (246)
[2017.06.14-12.51.55:906][458]LogModuleManager: Shutting down and abandoning module PhysXVehicles (244)
[2017.06.14-12.51.55:906][458]LogModuleManager: Shutting down and abandoning module LocationServicesBPLibrary (242)
[2017.06.14-12.51.55:906][458]LogModuleManager: Shutting down and abandoning module ImmediatePhysicsEditor (240)
[2017.06.14-12.51.55:906][458]LogModuleManager: Shutting down and abandoning module ImmediatePhysics (238)
[2017.06.14-12.51.55:933][458]LogModuleManager: Shutting down and abandoning module UdpMessaging (236)
[2017.06.14-12.51.56:033][458]LogModuleManager: Shutting down and abandoning module TcpMessaging (234)
[2017.06.14-12.51.56:142][458]LogModuleManager: Shutting down and abandoning module GameplayTagsEditor (232)
[2017.06.14-12.51.56:274][458]LogModuleManager: Shutting down and abandoning module FacialAnimationEditor (230)
[2017.06.14-12.51.56:303][458]LogModuleManager: Shutting down and abandoning module FacialAnimation (228)
[2017.06.14-12.51.56:304][458]LogModuleManager: Shutting down and abandoning module AssetManagerEditor (226)
[2017.06.14-12.51.56:393][458]LogModuleManager: Shutting down and abandoning module GraphEditor (225)
[2017.06.14-12.51.56:393][458]LogModuleManager: Shutting down and abandoning module ContentBrowser (223)
[2017.06.14-12.51.56:396][458]LogModuleManager: Shutting down and abandoning module LightPropagationVolumeRuntime (220)
[2017.06.14-12.51.56:396][458]LogModuleManager: Shutting down and abandoning module Paper2D (218)
[2017.06.14-12.51.56:432][458]LogModuleManager: Shutting down and abandoning module WindowsMoviePlayer (216)
[2017.06.14-12.51.56:433][458]LogModuleManager: Shutting down and abandoning module WmfMedia (214)
[2017.06.14-12.51.56:457][458]LogModuleManager: Shutting down and abandoning module ClothingSystemEditor (212)
[2017.06.14-12.51.56:457][458]LogModuleManager: Shutting down and abandoning module ClothingSystemRuntime (210)
[2017.06.14-12.51.56:492][458]LogModuleManager: Shutting down and abandoning module MediaAssets (208)
[2017.06.14-12.51.56:492][458]LogModuleManager: Shutting down and abandoning module GameLiveStreaming (206)
[2017.06.14-12.51.56:556][458]LogModuleManager: Shutting down and abandoning module VREditor (204)
[2017.06.14-12.51.56:565][458]LogModuleManager: Shutting down and abandoning module StringTableEditor (202)
[2017.06.14-12.51.56:583][458]LogModuleManager: Shutting down and abandoning module GameplayTasksEditor (200)
[2017.06.14-12.51.56:583][458]LogModuleManager: Shutting down and abandoning module BehaviorTreeEditor (198)
[2017.06.14-12.51.56:729][458]LogModuleManager: Shutting down and abandoning module FunctionalTesting (196)
[2017.06.14-12.51.56:729][458]LogModuleManager: Shutting down and abandoning module CollisionAnalyzer (194)
[2017.06.14-12.51.56:748][458]LogModuleManager: Shutting down and abandoning module UMG (192)
[2017.06.14-12.51.56:770][458]LogModuleManager: Shutting down and abandoning module UMGEditor (191)
[2017.06.14-12.51.56:850][458]LogModuleManager: Shutting down and abandoning module Sequencer (190)
[2017.06.14-12.51.57:070][458]LogModuleManager: Shutting down and abandoning module AssetTools (188)
[2017.06.14-12.51.57:236][458]LogModuleManager: Shutting down and abandoning module MessageLog (187)
[2017.06.14-12.51.57:236][458]LogModuleManager: Shutting down and abandoning module WorkspaceMenuStructure (186)
[2017.06.14-12.51.57:236][458]LogModuleManager: Shutting down and abandoning module SlateReflector (180)
[2017.06.14-12.51.57:344][458]LogModuleManager: Shutting down and abandoning module Slate (178)
[2017.06.14-12.51.57:344][458]LogModuleManager: Shutting down and abandoning module EditorStyle (176)
[2017.06.14-12.51.57:347][458]LogModuleManager: Shutting down and abandoning module SourceCodeAccess (174)
[2017.06.14-12.51.57:347][458]LogModuleManager: Shutting down and abandoning module HeadMountedDisplay (172)
[2017.06.14-12.51.57:347][458]LogModuleManager: Shutting down and abandoning module XAudio2 (170)
[2017.06.14-12.51.57:347][458]LogModuleManager: Shutting down and abandoning module Networking (168)
[2017.06.14-12.51.57:347][458]LogModuleManager: Shutting down and abandoning module Core (164)
[2017.06.14-12.51.57:347][458]LogModuleManager: Shutting down and abandoning module AssetRegistry (162)
[2017.06.14-12.51.57:577][458]LogDirectoryWatcher: A directory notification for '../../../Engine/Content/' was aborted.
[2017.06.14-12.51.57:577][458]LogDirectoryWatcher: A directory notification for '../../../../../../Users/jesus/Documents/Unreal Projects/pinball_jesus/Content/' was aborted.
[2017.06.14-12.51.57:577][458]LogDirectoryWatcher: A directory notification for '../../../Engine/Plugins/2D/Paper2D/Content/' was aborted.
[2017.06.14-12.51.57:577][458]LogDirectoryWatcher: A directory notification for '../../../Engine/Plugins/Runtime/GearVR/Content/' was aborted.
[2017.06.14-12.51.57:581][458]LogModuleManager: Shutting down and abandoning module DirectoryWatcher (161)
[2017.06.14-12.51.57:586][458]LogModuleManager: Shutting down and abandoning module KismetCompiler (158)
[2017.06.14-12.51.57:586][458]LogModuleManager: Shutting down and abandoning module LevelSequence (156)
[2017.06.14-12.51.57:586][458]LogModuleManager: Shutting down and abandoning module PhysXFormats (154)
[2017.06.14-12.51.57:586][458]LogModuleManager: Shutting down and abandoning module MeshUtilities (152)
[2017.06.14-12.51.57:914][458]LogModuleManager: Shutting down and abandoning module SimplygonSwarm (151)
[2017.06.14-12.51.58:104][458]LogModuleManager: Shutting down and abandoning module SimplygonMeshReduction (149)
[2017.06.14-12.51.58:105][458]LogModuleManager: Shutting down and abandoning module QuadricMeshReduction (147)
[2017.06.14-12.51.58:356][458]LogModuleManager: Shutting down and abandoning module DerivedDataCache (144)
[2017.06.14-12.51.58:443][458]LogDerivedDataCache: Shutdown
[2017.06.14-12.51.58:443][458]LogModuleManager: Shutting down and abandoning module TargetPlatform (142)
[2017.06.14-12.51.58:443][458]LogModuleManager: Shutting down and abandoning module VulkanShaderFormat (141)
[2017.06.14-12.51.58:664][458]LogModuleManager: Shutting down and abandoning module ShaderFormatVectorVM (139)
[2017.06.14-12.51.58:785][458]LogModuleManager: Shutting down and abandoning module ShaderFormatOpenGL (137)
[2017.06.14-12.51.58:875][458]LogModuleManager: Shutting down and abandoning module ShaderFormatD3D (135)
[2017.06.14-12.51.58:942][458]LogModuleManager: Shutting down and abandoning module MetalShaderFormat (133)
[2017.06.14-12.51.59:082][458]LogModuleManager: Shutting down and abandoning module TextureFormatUncompressed (131)
[2017.06.14-12.51.59:082][458]LogModuleManager: Shutting down and abandoning module TextureFormatPVR (129)
[2017.06.14-12.51.59:082][458]LogModuleManager: Shutting down and abandoning module TextureFormatDXT (127)
[2017.06.14-12.51.59:160][458]LogModuleManager: Shutting down and abandoning module TextureFormatIntelISPCTexComp (125)
[2017.06.14-12.51.59:188][458]LogModuleManager: Shutting down and abandoning module TextureFormatASTC (123)
[2017.06.14-12.51.59:188][458]LogModuleManager: Shutting down and abandoning module ImageWrapper (122)
[2017.06.14-12.51.59:188][458]LogModuleManager: Shutting down and abandoning module TextureFormatAndroid (119)
[2017.06.14-12.51.59:188][458]LogModuleManager: Shutting down and abandoning module AudioFormatOpus (117)
[2017.06.14-12.51.59:188][458]LogModuleManager: Shutting down and abandoning module AudioFormatOgg (115)
[2017.06.14-12.51.59:188][458]LogModuleManager: Shutting down and abandoning module AudioFormatADPCM (113)
[2017.06.14-12.51.59:188][458]LogModuleManager: Shutting down and abandoning module LinuxTargetPlatform (111)
[2017.06.14-12.51.59:188][458]LogModuleManager: Shutting down and abandoning module LinuxServerTargetPlatform (109)
[2017.06.14-12.51.59:188][458]LogModuleManager: Shutting down and abandoning module LinuxNoEditorTargetPlatform (107)
[2017.06.14-12.51.59:188][458]LogModuleManager: Shutting down and abandoning module LinuxClientTargetPlatform (105)
[2017.06.14-12.51.59:188][458]LogModuleManager: Shutting down and abandoning module TVOSTargetPlatform (103)
[2017.06.14-12.51.59:188][458]LogModuleManager: Shutting down and abandoning module Messaging (101)
[2017.06.14-12.51.59:189][458]LogModuleManager: Shutting down and abandoning module IOSTargetPlatform (99)
[2017.06.14-12.51.59:189][458]LogModuleManager: Shutting down and abandoning module HTML5TargetPlatform (97)
[2017.06.14-12.51.59:189][458]LogModuleManager: Shutting down and abandoning module Android_PVRTCTargetPlatform (95)
[2017.06.14-12.51.59:298][458]LogModuleManager: Shutting down and abandoning module Android_MultiTargetPlatform (93)
[2017.06.14-12.51.59:298][458]LogModuleManager: Shutting down and abandoning module Android_ETC2TargetPlatform (91)
[2017.06.14-12.51.59:525][458]LogModuleManager: Shutting down and abandoning module Android_ETC1TargetPlatform (89)
[2017.06.14-12.51.59:528][458]LogModuleManager: Shutting down and abandoning module Android_DXTTargetPlatform (87)
[2017.06.14-12.51.59:538][458]LogModuleManager: Shutting down and abandoning module Android_ATCTargetPlatform (85)
[2017.06.14-12.51.59:544][458]LogModuleManager: Shutting down and abandoning module Android_ASTCTargetPlatform (83)
[2017.06.14-12.51.59:544][458]LogModuleManager: Shutting down and abandoning module AndroidTargetPlatform (81)
[2017.06.14-12.51.59:546][458]LogModuleManager: Shutting down and abandoning module WindowsTargetPlatform (79)
[2017.06.14-12.51.59:546][458]LogModuleManager: Shutting down and abandoning module WindowsServerTargetPlatform (77)
[2017.06.14-12.51.59:546][458]LogModuleManager: Shutting down and abandoning module WindowsNoEditorTargetPlatform (75)
[2017.06.14-12.51.59:546][458]LogModuleManager: Shutting down and abandoning module WindowsClientTargetPlatform (73)
[2017.06.14-12.51.59:546][458]LogModuleManager: Shutting down and abandoning module MacTargetPlatform (71)
[2017.06.14-12.51.59:546][458]LogModuleManager: Shutting down and abandoning module MacServerTargetPlatform (69)
[2017.06.14-12.51.59:546][458]LogModuleManager: Shutting down and abandoning module MacNoEditorTargetPlatform (67)
[2017.06.14-12.51.59:546][458]LogModuleManager: Shutting down and abandoning module MacClientTargetPlatform (65)
[2017.06.14-12.51.59:546][458]LogModuleManager: Shutting down and abandoning module AllDesktopTargetPlatform (63)
[2017.06.14-12.51.59:546][458]LogModuleManager: Shutting down and abandoning module InputCore (60)
[2017.06.14-12.51.59:546][458]LogModuleManager: Shutting down and abandoning module Settings (58)
[2017.06.14-12.51.59:547][458]LogModuleManager: Shutting down and abandoning module OculusRift (56)
[2017.06.14-12.51.59:574][458]LogModuleManager: Shutting down and abandoning module GearVRController (54)
[2017.06.14-12.51.59:574][458]LogModuleManager: Shutting down and abandoning module GearVR (52)
[2017.06.14-12.51.59:613][458]LogModuleManager: Shutting down and abandoning module ExampleDeviceProfileSelector (50)
[2017.06.14-12.51.59:613][458]LogModuleManager: Shutting down and abandoning module OnlineBlueprintSupport (48)
[2017.06.14-12.51.59:613][458]LogModuleManager: Shutting down and abandoning module OnlineSubsystem (44)
[2017.06.14-12.51.59:613][458]LogOnline:Display: Unloading online subsystem: NULL
[2017.06.14-12.51.59:710][458]LogModuleManager: Shutting down and abandoning module XMPP (43)
[2017.06.14-12.51.59:748][458]LogModuleManager: Shutting down and abandoning module HTTP (41)
[2017.06.14-12.51.59:748][458]LogHttp:Display: Http module shutting down, but needs to wait on 1 outstanding Http requests:
[2017.06.14-12.51.59:806][458]LogHttp:Display: 	verb=[POST] url=[https://datarouter.ol.epicgames.com/datarouter/api/v1/public/data?SessionID=%7B70E947CF-40D4-9A81-E36C-B5AADB607243%7D&AppID=UEEditor.Rocket.Release&AppVersion=4.16.1-3466753%2B%2B%2BUE4%2BRelease-4.16&UserID=c5296d394379aeaaa2ec4e9ba4e5b1a5%7Cb1a04c446d3e4eaa8f76690b72523e45%7Cd6c4f858-c92c-4e48-8a34-90f5a0c3c691&AppEnvironment=datacollector-binary&UploadType=eteventstream] status=Processing
[2017.06.14-12.51.59:827][458]LogModuleManager: Shutting down and abandoning module SSL (40)
[2017.06.14-12.51.59:863][458]LogModuleManager: Shutting down and abandoning module HTTPChunkInstaller (36)
[2017.06.14-12.51.59:871][458]LogModuleManager: Shutting down and abandoning module AnimationModifiers (34)
[2017.06.14-12.51.59:929][458]LogModuleManager: Shutting down and abandoning module PropertyEditor (33)
[2017.06.14-12.51.59:929][458]LogModuleManager: Shutting down and abandoning module AudioEditor (30)
[2017.06.14-12.52.00:022][458]LogModuleManager: Shutting down and abandoning module TextureCompressor (28)
[2017.06.14-12.52.00:063][458]LogModuleManager: Shutting down and abandoning module ShaderCore (26)
[2017.06.14-12.52.00:063][458]LogModuleManager: Shutting down and abandoning module Landscape (24)
[2017.06.14-12.52.00:063][458]LogModuleManager: Shutting down and abandoning module SlateRHIRenderer (22)
[2017.06.14-12.52.00:088][458]LogModuleManager: Shutting down and abandoning module OpenGLDrv (20)
[2017.06.14-12.52.00:176][458]LogModuleManager: Shutting down and abandoning module D3D11RHI (18)
[2017.06.14-12.52.00:176][458]LogModuleManager: Shutting down and abandoning module AnimGraphRuntime (16)
[2017.06.14-12.52.00:184][458]LogModuleManager: Shutting down and abandoning module Renderer (14)
[2017.06.14-12.52.00:184][458]LogModuleManager: Shutting down and abandoning module Engine (12)
[2017.06.14-12.52.00:184][458]LogModuleManager: Shutting down and abandoning module CoreUObject (10)
[2017.06.14-12.52.00:184][458]LogModuleManager: Shutting down and abandoning module NetworkFile (8)
[2017.06.14-12.52.00:184][458]LogModuleManager: Shutting down and abandoning module StreamingFile (6)
[2017.06.14-12.52.00:184][458]LogModuleManager: Shutting down and abandoning module SandboxFile (4)
[2017.06.14-12.52.00:184][458]LogModuleManager: Shutting down and abandoning module PakFile (2)
[2017.06.14-12.52.00:191][458]LogExit: Exiting.
[2017.06.14-12.52.00:208][458]Log file closed, 06/14/17 09:52:00
